   1              	 .syntax unified
   2              	 .cpu cortex-m4
   3              	 .eabi_attribute 27,3
   4              	 .fpu fpv4-sp-d16
   5              	 .eabi_attribute 20,1
   6              	 .eabi_attribute 21,1
   7              	 .eabi_attribute 23,3
   8              	 .eabi_attribute 24,1
   9              	 .eabi_attribute 25,1
  10              	 .eabi_attribute 26,1
  11              	 .eabi_attribute 30,4
  12              	 .eabi_attribute 34,1
  13              	 .eabi_attribute 18,4
  14              	 .thumb
  15              	 .file "clock_xmc4_conf.c"
  16              	 .section .text.SystemCoreClockSetup,"ax",%progbits
  17              	 .align 1
  18              	 .global SystemCoreClockSetup
  19              	 .thumb
  20              	 .thumb_func
  22              	SystemCoreClockSetup:
  23              	 
  24              	 
  25 0000 30B5     	 push {r4,r5,lr}
  26 0002 154D     	 ldr r5,.L2
  27 0004 0FCD     	 ldmia r5!,{r0,r1,r2,r3}
  28 0006 87B0     	 sub sp,sp,#28
  29 0008 01AC     	 add r4,sp,#4
  30 000a 0FC4     	 stmia r4!,{r0,r1,r2,r3}
  31 000c 2B68     	 ldr r3,[r5]
  32 000e 2360     	 str r3,[r4]
  33 0010 01A8     	 add r0,sp,#4
  34 0012 FFF7FEFF 	 bl XMC_SCU_CLOCK_Init
  35 0016 0020     	 movs r0,#0
  36 0018 FFF7FEFF 	 bl XMC_SCU_HIB_SetRtcClockSource
  37 001c 4FF48030 	 mov r0,#65536
  38 0020 FFF7FEFF 	 bl XMC_SCU_CLOCK_SetUsbClockSource
  39 0024 0620     	 movs r0,#6
  40 0026 FFF7FEFF 	 bl XMC_SCU_CLOCK_SetUsbClockDivider
  41 002a 6421     	 movs r1,#100
  42 002c 0320     	 movs r0,#3
  43 002e FFF7FEFF 	 bl XMC_SCU_CLOCK_StartUsbPll
  44 0032 0A4A     	 ldr r2,.L2+4
  45 0034 936B     	 ldr r3,[r2,#56]
  46 0036 23F48033 	 bic r3,r3,#65536
  47 003a 9363     	 str r3,[r2,#56]
  48 003c 0220     	 movs r0,#2
  49 003e FFF7FEFF 	 bl XMC_SCU_CLOCK_SetECATClockDivider
  50 0042 0020     	 movs r0,#0
  51 0044 FFF7FEFF 	 bl XMC_SCU_CLOCK_SetWdtClockSource
  52 0048 0120     	 movs r0,#1
  53 004a FFF7FEFF 	 bl XMC_SCU_CLOCK_SetWdtClockDivider
  54 004e 0120     	 movs r0,#1
  55 0050 FFF7FEFF 	 bl XMC_SCU_CLOCK_SetEbuClockDivider
  56 0054 07B0     	 add sp,sp,#28
  57              	 
  58 0056 30BD     	 pop {r4,r5,pc}
  59              	.L3:
  60              	 .align 2
  61              	.L2:
  62 0058 00000000 	 .word .LANCHOR0
  63 005c 00460050 	 .word 1342195200
  65              	 .global CLOCK_XMC4_0
  66              	 .section .rodata
  67              	 .align 2
  68              	 .set .LANCHOR0,.+0
  69              	.LC0:
  70 0000 30       	 .byte 48
  71 0001 02       	 .byte 2
  72 0002 01       	 .byte 1
  73 0003 01       	 .byte 1
  74 0004 0000     	 .short 0
  75 0006 01       	 .byte 1
  76 0007 00       	 .byte 0
  77 0008 00       	 .byte 0
  78 0009 00       	 .byte 0
  79 000a 0000     	 .space 2
  80 000c 00000100 	 .word 65536
  81 0010 02       	 .byte 2
  82 0011 01       	 .byte 1
  83 0012 01       	 .byte 1
  84 0013 01       	 .byte 1
  85              	 .section .bss.CLOCK_XMC4_0,"aw",%nobits
  88              	CLOCK_XMC4_0:
  89 0000 00       	 .space 1
  90              	 .ident "GCC: (GNU Tools for ARM Embedded Processors) 4.9.3 20141119 (release) [ARM/embedded-4_9-branch revision 218278]"
DEFINED SYMBOLS
                            *ABS*:00000000 clock_xmc4_conf.c
    {standard input}:17     .text.SystemCoreClockSetup:00000000 $t
    {standard input}:22     .text.SystemCoreClockSetup:00000000 SystemCoreClockSetup
    {standard input}:62     .text.SystemCoreClockSetup:00000058 $d
    {standard input}:88     .bss.CLOCK_XMC4_0:00000000 CLOCK_XMC4_0
    {standard input}:67     .rodata:00000000 $d
    {standard input}:89     .bss.CLOCK_XMC4_0:00000000 $d

UNDEFINED SYMBOLS
XMC_SCU_CLOCK_Init
XMC_SCU_HIB_SetRtcClockSource
XMC_SCU_CLOCK_SetUsbClockSource
XMC_SCU_CLOCK_SetUsbClockDivider
XMC_SCU_CLOCK_StartUsbPll
XMC_SCU_CLOCK_SetECATClockDivider
XMC_SCU_CLOCK_SetWdtClockSource
XMC_SCU_CLOCK_SetWdtClockDivider
XMC_SCU_CLOCK_SetEbuClockDivider
