   1              	 .syntax unified
   2              	 .cpu cortex-m4
   3              	 .eabi_attribute 27,3
   4              	 .fpu fpv4-sp-d16
   5              	 .eabi_attribute 20,1
   6              	 .eabi_attribute 21,1
   7              	 .eabi_attribute 23,3
   8              	 .eabi_attribute 24,1
   9              	 .eabi_attribute 25,1
  10              	 .eabi_attribute 26,1
  11              	 .eabi_attribute 30,4
  12              	 .eabi_attribute 34,1
  13              	 .eabi_attribute 18,4
  14              	 .thumb
  15              	 .file "objdef.c"
  16              	 .section .text.OBJ_GetObjectHandle,"ax",%progbits
  17              	 .align 1
  18              	 .global OBJ_GetObjectHandle
  19              	 .thumb
  20              	 .thumb_func
  22              	OBJ_GetObjectHandle:
  23              	 
  24              	 
  25 0000 10B5     	 push {r4,lr}
  26 0002 0446     	 mov r4,r0
  27 0004 FFF7FEFF 	 bl COE_GetObjectDictionary
  28              	.L2:
  29 0008 20B1     	 cbz r0,.L3
  30 000a 0389     	 ldrh r3,[r0,#8]
  31 000c A342     	 cmp r3,r4
  32 000e 01D0     	 beq .L3
  33 0010 4068     	 ldr r0,[r0,#4]
  34 0012 F9E7     	 b .L2
  35              	.L3:
  36 0014 10BD     	 pop {r4,pc}
  38              	 .section .text.OBJ_GetObjectLength,"ax",%progbits
  39              	 .align 1
  40              	 .global OBJ_GetObjectLength
  41              	 .thumb
  42              	 .thumb_func
  44              	OBJ_GetObjectLength:
  45              	 
  46              	 
  47 0000 70B5     	 push {r4,r5,r6,lr}
  48 0002 9489     	 ldrh r4,[r2,#12]
  49 0004 C4F30320 	 ubfx r0,r4,#8,#4
  50 0008 E3B1     	 cbz r3,.L8
  51 000a 0728     	 cmp r0,#7
  52 000c 31D0     	 beq .L14
  53 000e 0828     	 cmp r0,#8
  54 0010 05D1     	 bne .L15
  55 0012 1369     	 ldr r3,[r2,#16]
  56 0014 1889     	 ldrh r0,[r3,#8]
  57 0016 9369     	 ldr r3,[r2,#24]
  58 0018 1B78     	 ldrb r3,[r3]
  59 001a 5843     	 muls r0,r3,r0
  60 001c 0DE0     	 b .L23
  61              	.L15:
  62 001e 0123     	 movs r3,#1
  63 0020 0020     	 movs r0,#0
  64              	.L10:
  65 0022 E5B2     	 uxtb r5,r4
  66 0024 AB42     	 cmp r3,r5
  67 0026 08D8     	 bhi .L23
  68 0028 1669     	 ldr r6,[r2,#16]
  69 002a 0625     	 movs r5,#6
  70 002c 05FB0365 	 mla r5,r5,r3,r6
  71 0030 0133     	 adds r3,r3,#1
  72 0032 6D88     	 ldrh r5,[r5,#2]
  73 0034 9BB2     	 uxth r3,r3
  74 0036 2844     	 add r0,r0,r5
  75 0038 F3E7     	 b .L10
  76              	.L23:
  77 003a 0730     	 adds r0,r0,#7
  78 003c C008     	 lsrs r0,r0,#3
  79 003e E9B9     	 cbnz r1,.L9
  80 0040 0230     	 adds r0,r0,#2
  81 0042 70BD     	 pop {r4,r5,r6,pc}
  82              	.L8:
  83 0044 0728     	 cmp r0,#7
  84 0046 02D1     	 bne .L12
  85 0048 1369     	 ldr r3,[r2,#16]
  86 004a 5888     	 ldrh r0,[r3,#2]
  87 004c 0EE0     	 b .L21
  88              	.L12:
  89 004e 91B1     	 cbz r1,.L18
  90 0050 0828     	 cmp r0,#8
  91 0052 02D1     	 bne .L13
  92 0054 1369     	 ldr r3,[r2,#16]
  93 0056 1889     	 ldrh r0,[r3,#8]
  94 0058 08E0     	 b .L21
  95              	.L13:
  96 005a E4B2     	 uxtb r4,r4
  97 005c 8C42     	 cmp r4,r1
  98 005e 0CD3     	 bcc .L19
  99 0060 1369     	 ldr r3,[r2,#16]
 100 0062 01EB4101 	 add r1,r1,r1,lsl#1
 101 0066 03EB4101 	 add r1,r3,r1,lsl#1
 102 006a 4888     	 ldrh r0,[r1,#2]
 103              	.L21:
 104 006c 0730     	 adds r0,r0,#7
 105 006e C010     	 asrs r0,r0,#3
 106 0070 70BD     	 pop {r4,r5,r6,pc}
 107              	.L14:
 108 0072 0020     	 movs r0,#0
 109 0074 70BD     	 pop {r4,r5,r6,pc}
 110              	.L18:
 111 0076 0120     	 movs r0,#1
 112 0078 70BD     	 pop {r4,r5,r6,pc}
 113              	.L19:
 114 007a 1846     	 mov r0,r3
 115              	.L9:
 116 007c 70BD     	 pop {r4,r5,r6,pc}
 118              	 .section .text.OBJ_CopyNumberToString,"ax",%progbits
 119              	 .align 1
 120              	 .global OBJ_CopyNumberToString
 121              	 .thumb
 122              	 .thumb_func
 124              	OBJ_CopyNumberToString:
 125              	 
 126              	 
 127 0000 0278     	 ldrb r2,[r0]
 128 0002 10B5     	 push {r4,lr}
 129 0004 6424     	 movs r4,#100
 130 0006 B1FBF4F3 	 udiv r3,r1,r4
 131 000a 1A44     	 add r2,r2,r3
 132 000c 04FB1311 	 mls r1,r4,r3,r1
 133 0010 C9B2     	 uxtb r1,r1
 134 0012 0A24     	 movs r4,#10
 135 0014 0270     	 strb r2,[r0]
 136 0016 4278     	 ldrb r2,[r0,#1]
 137 0018 B1FBF4F3 	 udiv r3,r1,r4
 138 001c 04FB1311 	 mls r1,r4,r3,r1
 139 0020 1A44     	 add r2,r2,r3
 140 0022 3031     	 adds r1,r1,#48
 141 0024 4270     	 strb r2,[r0,#1]
 142 0026 8170     	 strb r1,[r0,#2]
 143 0028 10BD     	 pop {r4,pc}
 145              	 .section .text.OBJ_GetDesc,"ax",%progbits
 146              	 .align 1
 147              	 .global OBJ_GetDesc
 148              	 .thumb
 149              	 .thumb_func
 151              	OBJ_GetDesc:
 152              	 
 153              	 
 154 0000 2DE9FF41 	 push {r0,r1,r2,r3,r4,r5,r6,r7,r8,lr}
 155 0004 1C46     	 mov r4,r3
 156 0006 5669     	 ldr r6,[r2,#20]
 157 0008 9389     	 ldrh r3,[r2,#12]
 158 000a 0F46     	 mov r7,r1
 159 000c 19B1     	 cbz r1,.L26
 160 000e C3F30323 	 ubfx r3,r3,#8,#4
 161 0012 072B     	 cmp r3,#7
 162 0014 05D1     	 bne .L27
 163              	.L26:
 164 0016 3046     	 mov r0,r6
 165 0018 FFF7FEFF 	 bl strlen
 166 001c 85B2     	 uxth r5,r0
 167 001e 0CBB     	 cbnz r4,.L50
 168 0020 51E0     	 b .L28
 169              	.L27:
 170 0022 092B     	 cmp r3,#9
 171 0024 28D1     	 bne .L29
 172 0026 3046     	 mov r0,r6
 173 0028 1FFA81F8 	 uxth r8,r1
 174 002c FFF7FEFF 	 bl strlen
 175 0030 0130     	 adds r0,r0,#1
 176 0032 0644     	 add r6,r6,r0
 177 0034 0125     	 movs r5,#1
 178 0036 08E0     	 b .L30
 179              	.L31:
 180 0038 3046     	 mov r0,r6
 181 003a FFF7FEFF 	 bl strlen
 182 003e 0135     	 adds r5,r5,#1
 183 0040 ADB2     	 uxth r5,r5
 184 0042 0130     	 adds r0,r0,#1
 185 0044 4545     	 cmp r5,r8
 186 0046 0644     	 add r6,r6,r0
 187 0048 16D8     	 bhi .L29
 188              	.L30:
 189 004a 3378     	 ldrb r3,[r6]
 190 004c 0233     	 adds r3,r3,#2
 191 004e DBB2     	 uxtb r3,r3
 192 0050 012B     	 cmp r3,#1
 193 0052 11D9     	 bls .L29
 194 0054 4545     	 cmp r5,r8
 195 0056 EFD1     	 bne .L31
 196 0058 3046     	 mov r0,r6
 197 005a FFF7FEFF 	 bl strlen
 198 005e 85B2     	 uxth r5,r0
 199 0060 34B1     	 cbz r4,.L32
 200 0062 55B1     	 cbz r5,.L33
 201              	.L50:
 202 0064 2046     	 mov r0,r4
 203 0066 3146     	 mov r1,r6
 204 0068 2A46     	 mov r2,r5
 205 006a FFF7FEFF 	 bl memcpy
 206 006e 2AE0     	 b .L28
 207              	.L32:
 208 0070 002D     	 cmp r5,#0
 209 0072 08BF     	 it eq
 210 0074 0C25     	 moveq r5,#12
 211 0076 26E0     	 b .L28
 212              	.L29:
 213 0078 24B3     	 cbz r4,.L38
 214              	.L33:
 215 007a 154B     	 ldr r3,.L51
 216 007c 6A46     	 mov r2,sp
 217 007e 03F1080E 	 add lr,r3,#8
 218 0082 6D46     	 mov r5,sp
 219              	.L35:
 220 0084 1868     	 ldr r0,[r3]
 221 0086 5968     	 ldr r1,[r3,#4]
 222 0088 1646     	 mov r6,r2
 223 008a 03C6     	 stmia r6!,{r0,r1}
 224 008c 0833     	 adds r3,r3,#8
 225 008e 7345     	 cmp r3,lr
 226 0090 3246     	 mov r2,r6
 227 0092 F7D1     	 bne .L35
 228 0094 1868     	 ldr r0,[r3]
 229 0096 3060     	 str r0,[r6]
 230 0098 1B79     	 ldrb r3,[r3,#4]
 231 009a 3371     	 strb r3,[r6,#4]
 232 009c 0DF10900 	 add r0,sp,#9
 233 00a0 3946     	 mov r1,r7
 234 00a2 FFF7FEFF 	 bl OBJ_CopyNumberToString
 235 00a6 2B46     	 mov r3,r5
 236 00a8 02AD     	 add r5,sp,#8
 237              	.L36:
 238 00aa 1A46     	 mov r2,r3
 239 00ac 03CA     	 ldmia r2!,{r0,r1}
 240 00ae AA42     	 cmp r2,r5
 241 00b0 2060     	 str r0,[r4]
 242 00b2 6160     	 str r1,[r4,#4]
 243 00b4 1346     	 mov r3,r2
 244 00b6 04F10804 	 add r4,r4,#8
 245 00ba F6D1     	 bne .L36
 246 00bc 1068     	 ldr r0,[r2]
 247 00be 2060     	 str r0,[r4]
 248 00c0 1379     	 ldrb r3,[r2,#4]
 249 00c2 2371     	 strb r3,[r4,#4]
 250              	.L38:
 251 00c4 0C25     	 movs r5,#12
 252              	.L28:
 253 00c6 2846     	 mov r0,r5
 254 00c8 04B0     	 add sp,sp,#16
 255              	 
 256 00ca BDE8F081 	 pop {r4,r5,r6,r7,r8,pc}
 257              	.L52:
 258 00ce 00BF     	 .align 2
 259              	.L51:
 260 00d0 00000000 	 .word .LANCHOR0
 262              	 .section .text.OBJ_GetEntryDesc,"ax",%progbits
 263              	 .align 1
 264              	 .global OBJ_GetEntryDesc
 265              	 .thumb
 266              	 .thumb_func
 268              	OBJ_GetEntryDesc:
 269              	 
 270              	 
 271              	 
 272 0000 8389     	 ldrh r3,[r0,#12]
 273 0002 0069     	 ldr r0,[r0,#16]
 274 0004 C3F30323 	 ubfx r3,r3,#8,#4
 275 0008 082B     	 cmp r3,#8
 276 000a 02D1     	 bne .L54
 277 000c 29B1     	 cbz r1,.L56
 278 000e 0630     	 adds r0,r0,#6
 279 0010 7047     	 bx lr
 280              	.L54:
 281 0012 01EB4101 	 add r1,r1,r1,lsl#1
 282 0016 00EB4100 	 add r0,r0,r1,lsl#1
 283              	.L56:
 284 001a 7047     	 bx lr
 286              	 .section .text.OBJ_GetNoOfObjects,"ax",%progbits
 287              	 .align 1
 288              	 .global OBJ_GetNoOfObjects
 289              	 .thumb
 290              	 .thumb_func
 292              	OBJ_GetNoOfObjects:
 293              	 
 294              	 
 295 0000 2DE9F047 	 push {r4,r5,r6,r7,r8,r9,r10,lr}
 296 0004 2026     	 movs r6,#32
 297 0006 8640     	 lsls r6,r6,r0
 298 0008 8146     	 mov r9,r0
 299 000a FFF7FEFF 	 bl COE_GetObjectDictionary
 300 000e B6B2     	 uxth r6,r6
 301 0010 0446     	 mov r4,r0
 302 0012 0025     	 movs r5,#0
 303              	.L58:
 304 0014 04B3     	 cbz r4,.L74
 305 0016 2389     	 ldrh r3,[r4,#8]
 306 0018 B3F5805F 	 cmp r3,#4096
 307 001c 1AD3     	 bcc .L59
 308 001e B9F1000F 	 cmp r9,#0
 309 0022 15D0     	 beq .L60
 310 0024 B4F80CA0 	 ldrh r10,[r4,#12]
 311 0028 C846     	 mov r8,r9
 312 002a 0027     	 movs r7,#0
 313              	.L61:
 314 002c BBB2     	 uxth r3,r7
 315 002e 5FFA8AF2 	 uxtb r2,r10
 316 0032 9342     	 cmp r3,r2
 317 0034 0ED8     	 bhi .L59
 318 0036 F9B2     	 uxtb r1,r7
 319 0038 2046     	 mov r0,r4
 320 003a FFF7FEFF 	 bl OBJ_GetEntryDesc
 321 003e 8388     	 ldrh r3,[r0,#4]
 322 0040 1E42     	 tst r6,r3
 323 0042 18BF     	 it ne
 324 0044 4FF00008 	 movne r8,#0
 325 0048 0137     	 adds r7,r7,#1
 326 004a B8F1000F 	 cmp r8,#0
 327 004e EDD1     	 bne .L61
 328              	.L60:
 329 0050 0135     	 adds r5,r5,#1
 330 0052 ADB2     	 uxth r5,r5
 331              	.L59:
 332 0054 6468     	 ldr r4,[r4,#4]
 333 0056 DDE7     	 b .L58
 334              	.L74:
 335 0058 2846     	 mov r0,r5
 336 005a BDE8F087 	 pop {r4,r5,r6,r7,r8,r9,r10,pc}
 338              	 .section .text.OBJ_GetObjectList,"ax",%progbits
 339              	 .align 1
 340              	 .global OBJ_GetObjectList
 341              	 .thumb
 342              	 .thumb_func
 344              	OBJ_GetObjectList:
 345              	 
 346              	 
 347 0000 2DE9F74F 	 push {r0,r1,r2,r4,r5,r6,r7,r8,r9,r10,fp,lr}
 348 0004 9A46     	 mov r10,r3
 349 0006 0B88     	 ldrh r3,[r1]
 350 0008 0C9F     	 ldr r7,[sp,#48]
 351 000a 2026     	 movs r6,#32
 352 000c 8640     	 lsls r6,r6,r0
 353 000e B3F5805F 	 cmp r3,#4096
 354 0012 8146     	 mov r9,r0
 355 0014 8846     	 mov r8,r1
 356 0016 1546     	 mov r5,r2
 357 0018 B6B2     	 uxth r6,r6
 358 001a 08D1     	 bne .L76
 359 001c FFF7FEFF 	 bl COE_GetObjectDictionary
 360 0020 0446     	 mov r4,r0
 361 0022 38B9     	 cbnz r0,.L80
 362 0024 002F     	 cmp r7,#0
 363 0026 36D0     	 beq .L79
 364 0028 1B23     	 movs r3,#27
 365 002a 3B70     	 strb r3,[r7]
 366 002c 33E0     	 b .L79
 367              	.L76:
 368 002e 1F4B     	 ldr r3,.L110
 369 0030 1C68     	 ldr r4,[r3]
 370 0032 06E0     	 b .L107
 371              	.L80:
 372 0034 012D     	 cmp r5,#1
 373 0036 25D9     	 bls .L108
 374 0038 2289     	 ldrh r2,[r4,#8]
 375 003a B2F5805F 	 cmp r2,#4096
 376 003e 03D2     	 bcs .L109
 377              	.L81:
 378 0040 6468     	 ldr r4,[r4,#4]
 379              	.L107:
 380 0042 002C     	 cmp r4,#0
 381 0044 F6D1     	 bne .L80
 382 0046 26E0     	 b .L79
 383              	.L109:
 384 0048 B9F1000F 	 cmp r9,#0
 385 004c 1ED0     	 beq .L82
 386 004e B4F80CC0 	 ldrh ip,[r4,#12]
 387 0052 CB46     	 mov fp,r9
 388 0054 0027     	 movs r7,#0
 389              	.L83:
 390 0056 BBB2     	 uxth r3,r7
 391 0058 5FFA8CF1 	 uxtb r1,ip
 392 005c 8B42     	 cmp r3,r1
 393 005e EFD8     	 bhi .L81
 394 0060 F9B2     	 uxtb r1,r7
 395 0062 2046     	 mov r0,r4
 396 0064 8DE80410 	 stmia sp,{r2,ip}
 397 0068 FFF7FEFF 	 bl OBJ_GetEntryDesc
 398 006c 8388     	 ldrh r3,[r0,#4]
 399 006e 1E42     	 tst r6,r3
 400 0070 18BF     	 it ne
 401 0072 4FF0000B 	 movne fp,#0
 402 0076 0137     	 adds r7,r7,#1
 403 0078 9DE80410 	 ldmia sp,{r2,ip}
 404 007c BBF1000F 	 cmp fp,#0
 405 0080 E9D1     	 bne .L83
 406 0082 03E0     	 b .L82
 407              	.L108:
 408 0084 2389     	 ldrh r3,[r4,#8]
 409 0086 A8F80030 	 strh r3,[r8]
 410 008a 09E0     	 b .L88
 411              	.L82:
 412 008c 023D     	 subs r5,r5,#2
 413 008e 2AF8022B 	 strh r2,[r10],#2
 414 0092 ADB2     	 uxth r5,r5
 415 0094 D4E7     	 b .L81
 416              	.L79:
 417 0096 4FF6FF73 	 movw r3,#65535
 418 009a A8F80030 	 strh r3,[r8]
 419 009e 0024     	 movs r4,#0
 420              	.L88:
 421 00a0 024B     	 ldr r3,.L110
 422 00a2 2846     	 mov r0,r5
 423 00a4 1C60     	 str r4,[r3]
 424 00a6 03B0     	 add sp,sp,#12
 425              	 
 426 00a8 BDE8F08F 	 pop {r4,r5,r6,r7,r8,r9,r10,fp,pc}
 427              	.L111:
 428              	 .align 2
 429              	.L110:
 430 00ac 00000000 	 .word pSdoInfoObjEntry
 432              	 .section .text.OBJ_GetObjDesc,"ax",%progbits
 433              	 .align 1
 434              	 .global OBJ_GetObjDesc
 435              	 .thumb
 436              	 .thumb_func
 438              	OBJ_GetObjDesc:
 439              	 
 440              	 
 441              	 
 442 0000 0A30     	 adds r0,r0,#10
 443 0002 7047     	 bx lr
 445              	 .section .text.OBJ_GetEntryOffset,"ax",%progbits
 446              	 .align 1
 447              	 .global OBJ_GetEntryOffset
 448              	 .thumb
 449              	 .thumb_func
 451              	OBJ_GetEntryOffset:
 452              	 
 453              	 
 454 0000 F0B5     	 push {r4,r5,r6,r7,lr}
 455 0002 8F89     	 ldrh r7,[r1,#12]
 456 0004 C7F30327 	 ubfx r7,r7,#8,#4
 457 0008 0028     	 cmp r0,#0
 458 000a 14BF     	 ite ne
 459 000c 1023     	 movne r3,#16
 460 000e 0023     	 moveq r3,#0
 461 0010 072F     	 cmp r7,#7
 462 0012 65D0     	 beq .L133
 463 0014 0124     	 movs r4,#1
 464              	.L116:
 465 0016 86B2     	 uxth r6,r0
 466 0018 B442     	 cmp r4,r6
 467 001a 5FD8     	 bhi .L176
 468 001c 082F     	 cmp r7,#8
 469 001e 0D69     	 ldr r5,[r1,#16]
 470 0020 16BF     	 itet ne
 471 0022 0622     	 movne r2,#6
 472 0024 0635     	 addeq r5,r5,#6
 473 0026 02FB0455 	 mlane r5,r2,r4,r5
 474 002a 2A88     	 ldrh r2,[r5]
 475 002c 152A     	 cmp r2,#21
 476 002e 43D0     	 beq .L120
 477 0030 0ED8     	 bhi .L121
 478 0032 082A     	 cmp r2,#8
 479 0034 08D8     	 bhi .L122
 480 0036 072A     	 cmp r2,#7
 481 0038 30D2     	 bcs .L123
 482 003a 042A     	 cmp r2,#4
 483 003c 2ED0     	 beq .L123
 484 003e 062A     	 cmp r2,#6
 485 0040 1DD0     	 beq .L124
 486 0042 032A     	 cmp r2,#3
 487 0044 42D1     	 bne .L119
 488 0046 1AE0     	 b .L124
 489              	.L122:
 490 0048 0B2A     	 cmp r2,#11
 491 004a 18D0     	 beq .L124
 492 004c 112A     	 cmp r2,#17
 493 004e 07E0     	 b .L173
 494              	.L121:
 495 0050 2E2A     	 cmp r2,#46
 496 0052 14D0     	 beq .L124
 497 0054 06D8     	 bhi .L125
 498 0056 1F2A     	 cmp r2,#31
 499 0058 11D0     	 beq .L124
 500 005a 202A     	 cmp r2,#32
 501 005c 1ED0     	 beq .L123
 502 005e 1B2A     	 cmp r2,#27
 503              	.L173:
 504 0060 34D1     	 bne .L119
 505 0062 29E0     	 b .L120
 506              	.L125:
 507 0064 B2F5187F 	 cmp r2,#608
 508 0068 09D0     	 beq .L124
 509 006a 02D8     	 bhi .L126
 510 006c 2F2A     	 cmp r2,#47
 511 006e 15D0     	 beq .L123
 512 0070 2CE0     	 b .L119
 513              	.L126:
 514 0072 A2F2622E 	 subw lr,r2,#610
 515 0076 BEF1010F 	 cmp lr,#1
 516 007a 0FD9     	 bls .L123
 517 007c 26E0     	 b .L119
 518              	.L124:
 519 007e 03F10F0E 	 add lr,r3,#15
 520 0082 B442     	 cmp r4,r6
 521 0084 4FF6F073 	 movw r3,#65520
 522 0088 0EEA0303 	 and r3,lr,r3
 523 008c 23D2     	 bcs .L127
 524 008e 0B2A     	 cmp r2,#11
 525 0090 1ED0     	 beq .L175
 526 0092 B2F5187F 	 cmp r2,#608
 527 0096 1BD0     	 beq .L175
 528 0098 1033     	 adds r3,r3,#16
 529 009a 1BE0     	 b .L174
 530              	.L123:
 531 009c 03F11F0E 	 add lr,r3,#31
 532 00a0 B442     	 cmp r4,r6
 533 00a2 4FF6E073 	 movw r3,#65504
 534 00a6 0EEA0303 	 and r3,lr,r3
 535 00aa 14D2     	 bcs .L127
 536 00ac A2F26222 	 subw r2,r2,#610
 537 00b0 012A     	 cmp r2,#1
 538 00b2 0DD9     	 bls .L175
 539 00b4 2033     	 adds r3,r3,#32
 540 00b6 0DE0     	 b .L174
 541              	.L120:
 542 00b8 03F11F02 	 add r2,r3,#31
 543 00bc B442     	 cmp r4,r6
 544 00be 4FF6E073 	 movw r3,#65504
 545 00c2 03EA0203 	 and r3,r3,r2
 546 00c6 06D2     	 bcs .L127
 547 00c8 4033     	 adds r3,r3,#64
 548 00ca 03E0     	 b .L174
 549              	.L119:
 550 00cc B442     	 cmp r4,r6
 551 00ce 02D2     	 bcs .L127
 552              	.L175:
 553 00d0 6A88     	 ldrh r2,[r5,#2]
 554 00d2 1344     	 add r3,r3,r2
 555              	.L174:
 556 00d4 9BB2     	 uxth r3,r3
 557              	.L127:
 558 00d6 0134     	 adds r4,r4,#1
 559 00d8 A4B2     	 uxth r4,r4
 560 00da 9CE7     	 b .L116
 561              	.L176:
 562 00dc 1846     	 mov r0,r3
 563 00de F0BD     	 pop {r4,r5,r6,r7,pc}
 564              	.L133:
 565 00e0 0020     	 movs r0,#0
 566 00e2 F0BD     	 pop {r4,r5,r6,r7,pc}
 568              	 .section .text.CheckSyncTypeValue,"ax",%progbits
 569              	 .align 1
 570              	 .global CheckSyncTypeValue
 571              	 .thumb
 572              	 .thumb_func
 574              	CheckSyncTypeValue:
 575              	 
 576              	 
 577              	 
 578 0000 0229     	 cmp r1,#2
 579 0002 34D0     	 beq .L179
 580 0004 04D8     	 bhi .L180
 581 0006 0029     	 cmp r1,#0
 582 0008 52D0     	 beq .L188
 583 000a 0129     	 cmp r1,#1
 584 000c 05D0     	 beq .L182
 585 000e 51E0     	 b .L202
 586              	.L180:
 587 0010 0329     	 cmp r1,#3
 588 0012 3BD0     	 beq .L183
 589 0014 2229     	 cmp r1,#34
 590 0016 1BD0     	 beq .L184
 591 0018 4CE0     	 b .L202
 592              	.L182:
 593 001a 41F63243 	 movw r3,#7218
 594 001e 9842     	 cmp r0,r3
 595 0020 08D1     	 bne .L185
 596 0022 254B     	 ldr r3,.L208
 597 0024 1B88     	 ldrh r3,[r3]
 598 0026 002B     	 cmp r3,#0
 599 0028 44D0     	 beq .L202
 600 002a 244B     	 ldr r3,.L208+4
 601 002c 9B89     	 ldrh r3,[r3,#12]
 602 002e 13F0020F 	 tst r3,#2
 603 0032 33E0     	 b .L204
 604              	.L185:
 605 0034 41F63343 	 movw r3,#7219
 606 0038 9842     	 cmp r0,r3
 607 003a 3BD1     	 bne .L202
 608 003c 204B     	 ldr r3,.L208+8
 609 003e 9B89     	 ldrh r3,[r3,#12]
 610 0040 9A07     	 lsls r2,r3,#30
 611 0042 37D5     	 bpl .L202
 612 0044 1C4B     	 ldr r3,.L208
 613 0046 1B88     	 ldrh r3,[r3]
 614 0048 002B     	 cmp r3,#0
 615 004a 33D1     	 bne .L202
 616 004c 1D4B     	 ldr r3,.L208+12
 617 004e 08E0     	 b .L205
 618              	.L184:
 619 0050 41F63343 	 movw r3,#7219
 620 0054 9842     	 cmp r0,r3
 621 0056 2DD1     	 bne .L202
 622 0058 194B     	 ldr r3,.L208+8
 623 005a 9B89     	 ldrh r3,[r3,#12]
 624 005c 9B07     	 lsls r3,r3,#30
 625 005e 29D5     	 bpl .L202
 626 0060 154B     	 ldr r3,.L208
 627              	.L205:
 628 0062 1B88     	 ldrh r3,[r3]
 629 0064 002B     	 cmp r3,#0
 630 0066 0CBF     	 ite eq
 631 0068 1220     	 moveq r0,#18
 632 006a 0020     	 movne r0,#0
 633 006c 7047     	 bx lr
 634              	.L179:
 635 006e 41F63243 	 movw r3,#7218
 636 0072 9842     	 cmp r0,r3
 637 0074 01D1     	 bne .L186
 638 0076 114B     	 ldr r3,.L208+4
 639 0078 04E0     	 b .L207
 640              	.L186:
 641 007a 41F63343 	 movw r3,#7219
 642 007e 9842     	 cmp r0,r3
 643 0080 18D1     	 bne .L202
 644 0082 0F4B     	 ldr r3,.L208+8
 645              	.L207:
 646 0084 9B89     	 ldrh r3,[r3,#12]
 647 0086 13F0040F 	 tst r3,#4
 648 008a 07E0     	 b .L204
 649              	.L183:
 650 008c 41F63243 	 movw r3,#7218
 651 0090 9842     	 cmp r0,r3
 652 0092 07D1     	 bne .L187
 653 0094 094B     	 ldr r3,.L208+4
 654              	.L206:
 655 0096 9B89     	 ldrh r3,[r3,#12]
 656 0098 13F0080F 	 tst r3,#8
 657              	.L204:
 658 009c 0CBF     	 ite eq
 659 009e 1220     	 moveq r0,#18
 660 00a0 0020     	 movne r0,#0
 661 00a2 7047     	 bx lr
 662              	.L187:
 663 00a4 41F63343 	 movw r3,#7219
 664 00a8 9842     	 cmp r0,r3
 665 00aa 03D1     	 bne .L202
 666 00ac 044B     	 ldr r3,.L208+8
 667 00ae F2E7     	 b .L206
 668              	.L188:
 669 00b0 0846     	 mov r0,r1
 670 00b2 7047     	 bx lr
 671              	.L202:
 672 00b4 1220     	 movs r0,#18
 673 00b6 7047     	 bx lr
 674              	.L209:
 675              	 .align 2
 676              	.L208:
 677 00b8 00000000 	 .word nPdOutputSize
 678 00bc 00000000 	 .word sSyncManOutPar
 679 00c0 00000000 	 .word sSyncManInPar
 680 00c4 00000000 	 .word nPdInputSize
 682              	 .section .text.OBJ_Read,"ax",%progbits
 683              	 .align 1
 684              	 .global OBJ_Read
 685              	 .thumb
 686              	 .thumb_func
 688              	OBJ_Read:
 689              	 
 690              	 
 691 0000 2DE9F04F 	 push {r4,r5,r6,r7,r8,r9,r10,fp,lr}
 692 0004 9E89     	 ldrh r6,[r3,#12]
 693 0006 87B0     	 sub sp,sp,#28
 694 0008 1F46     	 mov r7,r3
 695 000a C6F30323 	 ubfx r3,r6,#8,#4
 696 000e 072B     	 cmp r3,#7
 697 0010 8246     	 mov r10,r0
 698 0012 8B46     	 mov fp,r1
 699 0014 0192     	 str r2,[sp,#4]
 700 0016 109C     	 ldr r4,[sp,#64]
 701 0018 9DF84480 	 ldrb r8,[sp,#68]
 702 001c 0293     	 str r3,[sp,#8]
 703 001e F6B2     	 uxtb r6,r6
 704 0020 1FFA81F9 	 uxth r9,r1
 705 0024 00F08781 	 beq .L212
 706 0028 B0F5805F 	 cmp r0,#4096
 707 002c C0F08381 	 bcc .L212
 708 0030 BB69     	 ldr r3,[r7,#24]
 709 0032 1E78     	 ldrb r6,[r3]
 710 0034 B8F1000F 	 cmp r8,#0
 711 0038 16D1     	 bne .L253
 712              	.L252:
 713 003a B145     	 cmp r9,r6
 714 003c 00F27781 	 bhi .L254
 715 0040 3846     	 mov r0,r7
 716 0042 5946     	 mov r1,fp
 717 0044 FFF7FEFF 	 bl OBJ_GetEntryDesc
 718 0048 8388     	 ldrh r3,[r0,#4]
 719 004a 0BB9     	 cbnz r3,.L215
 720              	.L246:
 721 004c 0520     	 movs r0,#5
 722 004e 77E1     	 b .L324
 723              	.L215:
 724 0050 B14A     	 ldr r2,.L338
 725 0052 1278     	 ldrb r2,[r2]
 726 0054 03F00703 	 and r3,r3,#7
 727 0058 12EA4302 	 ands r2,r2,r3,lsl#1
 728 005c 06D1     	 bne .L255
 729 005e 002B     	 cmp r3,#0
 730 0060 0CBF     	 ite eq
 731 0062 0620     	 moveq r0,#6
 732 0064 1A20     	 movne r0,#26
 733 0066 6BE1     	 b .L324
 734              	.L253:
 735 0068 0396     	 str r6,[sp,#12]
 736 006a 01E0     	 b .L213
 737              	.L255:
 738 006c 0396     	 str r6,[sp,#12]
 739 006e 4E46     	 mov r6,r9
 740              	.L213:
 741 0070 AA4B     	 ldr r3,.L338+4
 742 0072 1B68     	 ldr r3,[r3]
 743 0074 33B1     	 cbz r3,.L216
 744 0076 18F10002 	 adds r2,r8,#0
 745 007a 5046     	 mov r0,r10
 746 007c 5946     	 mov r1,fp
 747 007e 18BF     	 it ne
 748 0080 0122     	 movne r2,#1
 749 0082 9847     	 blx r3
 750              	.L216:
 751 0084 FD69     	 ldr r5,[r7,#28]
 752 0086 55B1     	 cbz r5,.L217
 753 0088 019A     	 ldr r2,[sp,#4]
 754 008a CDF84080 	 str r8,[sp,#64]
 755 008e 5046     	 mov r0,r10
 756 0090 5946     	 mov r1,fp
 757 0092 2346     	 mov r3,r4
 758 0094 AC46     	 mov ip,r5
 759 0096 07B0     	 add sp,sp,#28
 760              	 
 761 0098 BDE8F04F 	 pop {r4,r5,r6,r7,r8,r9,r10,fp,lr}
 762 009c 6047     	 bx ip
 763              	.L217:
 764 009e BAF5805F 	 cmp r10,#4096
 765 00a2 02D2     	 bcs .L257
 766 00a4 BBF1000F 	 cmp fp,#0
 767 00a8 03D1     	 bne .L219
 768              	.L257:
 769 00aa 0023     	 movs r3,#0
 770 00ac CB46     	 mov fp,r9
 771 00ae 0193     	 str r3,[sp,#4]
 772 00b0 46E0     	 b .L220
 773              	.L219:
 774 00b2 5946     	 mov r1,fp
 775 00b4 3846     	 mov r0,r7
 776 00b6 FFF7FEFF 	 bl OBJ_GetEntryDesc
 777 00ba 0BF1804C 	 add ip,fp,#1073741824
 778 00be BB69     	 ldr r3,[r7,#24]
 779 00c0 4288     	 ldrh r2,[r0,#2]
 780 00c2 0CF1FF3C 	 add ip,ip,#-1
 781 00c6 0732     	 adds r2,r2,#7
 782 00c8 53F82C10 	 ldr r1,[r3,ip,lsl#2]
 783 00cc 0B88     	 ldrh r3,[r1]
 784 00ce 2380     	 strh r3,[r4]
 785 00d0 4B88     	 ldrh r3,[r1,#2]
 786 00d2 6380     	 strh r3,[r4,#2]
 787 00d4 D210     	 asrs r2,r2,#3
 788 00d6 201D     	 adds r0,r4,#4
 789 00d8 0431     	 adds r1,r1,#4
 790 00da 043A     	 subs r2,r2,#4
 791 00dc FFF7FEFF 	 bl memcpy
 792 00e0 2846     	 mov r0,r5
 793 00e2 2DE1     	 b .L324
 794              	.L251:
 795 00e4 BA69     	 ldr r2,[r7,#24]
 796 00e6 BBF1000F 	 cmp fp,#0
 797 00ea 2CD0     	 beq .L258
 798 00ec BAF5805F 	 cmp r10,#4096
 799 00f0 2BD3     	 bcc .L259
 800 00f2 5FFA8BF0 	 uxtb r0,fp
 801 00f6 3946     	 mov r1,r7
 802 00f8 0592     	 str r2,[sp,#20]
 803 00fa 0493     	 str r3,[sp,#16]
 804 00fc FFF7FEFF 	 bl OBJ_GetEntryOffset
 805 0100 049B     	 ldr r3,[sp,#16]
 806 0102 059A     	 ldr r2,[sp,#20]
 807 0104 0546     	 mov r5,r0
 808              	.L221:
 809 0106 5FFA8BF1 	 uxtb r1,fp
 810 010a 3846     	 mov r0,r7
 811 010c 0493     	 str r3,[sp,#16]
 812 010e 0592     	 str r2,[sp,#20]
 813 0110 FFF7FEFF 	 bl OBJ_GetEntryDesc
 814 0114 8049     	 ldr r1,.L338
 815 0116 059A     	 ldr r2,[sp,#20]
 816 0118 8446     	 mov ip,r0
 817 011a 0878     	 ldrb r0,[r1]
 818 011c 9CF80410 	 ldrb r1,[ip,#4]
 819 0120 01F00701 	 and r1,r1,#7
 820 0124 10EA4103 	 ands r3,r0,r1,lsl#1
 821 0128 049B     	 ldr r3,[sp,#16]
 822 012a 00F0CE80 	 beq .L222
 823 012e CB45     	 cmp fp,r9
 824 0130 0FD0     	 beq .L223
 825 0132 B8F1000F 	 cmp r8,#0
 826 0136 0AD1     	 bne .L335
 827              	.L224:
 828 0138 0BF1010B 	 add fp,fp,#1
 829 013c 1FFA8BFB 	 uxth fp,fp
 830              	.L220:
 831 0140 B345     	 cmp fp,r6
 832 0142 CFD9     	 bls .L251
 833 0144 EEE0     	 b .L336
 834              	.L258:
 835 0146 5D46     	 mov r5,fp
 836 0148 DDE7     	 b .L221
 837              	.L259:
 838 014a 0025     	 movs r5,#0
 839 014c DBE7     	 b .L221
 840              	.L335:
 841 014e CB45     	 cmp fp,r9
 842 0150 F2D3     	 bcc .L224
 843              	.L223:
 844 0152 BBF1000F 	 cmp fp,#0
 845 0156 07D1     	 bne .L225
 846 0158 0299     	 ldr r1,[sp,#8]
 847 015a 0729     	 cmp r1,#7
 848 015c 04D0     	 beq .L225
 849 015e BDF80C20 	 ldrh r2,[sp,#12]
 850 0162 24F8022B 	 strh r2,[r4],#2
 851 0166 E7E7     	 b .L224
 852              	.L225:
 853 0168 BCF80030 	 ldrh r3,[ip]
 854 016c C5F30F10 	 ubfx r0,r5,#4,#16
 855 0170 B3F5E06F 	 cmp r3,#1792
 856 0174 02EB4001 	 add r1,r2,r0,lsl#1
 857 0178 0ED3     	 bcc .L226
 858 017a BCF802E0 	 ldrh lr,[ip,#2]
 859 017e BEF1080F 	 cmp lr,#8
 860 0182 03D8     	 bhi .L227
 861 0184 0EF12F03 	 add r3,lr,#47
 862 0188 9BB2     	 uxth r3,r3
 863 018a 05E0     	 b .L226
 864              	.L227:
 865 018c BEF1100F 	 cmp lr,#16
 866 0190 63D0     	 beq .L228
 867 0192 BEF1200F 	 cmp lr,#32
 868 0196 68D0     	 beq .L229
 869              	.L226:
 870 0198 112B     	 cmp r3,#17
 871 019a 70D0     	 beq .L230
 872 019c 13D8     	 bhi .L231
 873 019e 052B     	 cmp r3,#5
 874 01a0 3FD0     	 beq .L232
 875 01a2 07D8     	 bhi .L233
 876 01a4 022B     	 cmp r3,#2
 877 01a6 01D8     	 bhi .L234
 878 01a8 53B3     	 cbz r3,.L325
 879 01aa 3AE0     	 b .L232
 880              	.L234:
 881 01ac 032B     	 cmp r3,#3
 882 01ae 54D0     	 beq .L228
 883 01b0 042B     	 cmp r3,#4
 884 01b2 1EE0     	 b .L328
 885              	.L233:
 886 01b4 082B     	 cmp r3,#8
 887 01b6 02D8     	 bhi .L236
 888 01b8 072B     	 cmp r3,#7
 889 01ba 4ED3     	 bcc .L228
 890 01bc 55E0     	 b .L229
 891              	.L236:
 892 01be 092B     	 cmp r3,#9
 893 01c0 6BD0     	 beq .L237
 894 01c2 0B2B     	 cmp r3,#11
 895 01c4 1AE0     	 b .L330
 896              	.L231:
 897 01c6 2D2B     	 cmp r3,#45
 898 01c8 2BD0     	 beq .L232
 899 01ca 0BD8     	 bhi .L239
 900 01cc 1E2B     	 cmp r3,#30
 901 01ce 28D0     	 beq .L232
 902 01d0 04D8     	 bhi .L240
 903 01d2 152B     	 cmp r3,#21
 904 01d4 53D0     	 beq .L230
 905 01d6 1B2B     	 cmp r3,#27
 906 01d8 51D0     	 beq .L230
 907 01da AAE0     	 b .L261
 908              	.L240:
 909 01dc 1F2B     	 cmp r3,#31
 910 01de 3CD0     	 beq .L228
 911 01e0 202B     	 cmp r3,#32
 912 01e2 06E0     	 b .L328
 913              	.L239:
 914 01e4 372B     	 cmp r3,#55
 915 01e6 06D8     	 bhi .L241
 916 01e8 302B     	 cmp r3,#48
 917 01ea 1AD2     	 bcs .L232
 918 01ec 2E2B     	 cmp r3,#46
 919 01ee 34D0     	 beq .L228
 920 01f0 2F2B     	 cmp r3,#47
 921              	.L328:
 922 01f2 3AD0     	 beq .L229
 923 01f4 9DE0     	 b .L261
 924              	.L241:
 925 01f6 A3F51873 	 sub r3,r3,#608
 926 01fa 032B     	 cmp r3,#3
 927              	.L330:
 928 01fc 4DD9     	 bls .L237
 929 01fe 98E0     	 b .L261
 930              	.L325:
 931 0200 B8F1000F 	 cmp r8,#0
 932 0204 00F09580 	 beq .L261
 933 0208 BCF80230 	 ldrh r3,[ip,#2]
 934 020c 1807     	 lsls r0,r3,#28
 935 020e 03D0     	 beq .L242
 936 0210 1D44     	 add r5,r5,r3
 937 0212 2907     	 lsls r1,r5,#28
 938 0214 08BF     	 it eq
 939 0216 0234     	 addeq r4,r4,#2
 940              	.L242:
 941 0218 C3F30313 	 ubfx r3,r3,#4,#4
 942 021c 04EB4304 	 add r4,r4,r3,lsl#1
 943 0220 78E0     	 b .L264
 944              	.L232:
 945 0222 BCF802E0 	 ldrh lr,[ip,#2]
 946 0226 3E49     	 ldr r1,.L338+8
 947 0228 32F81000 	 ldrh r0,[r2,r0,lsl#1]
 948 022c 31F81E10 	 ldrh r1,[r1,lr,lsl#1]
 949 0230 05F00F03 	 and r3,r5,#15
 950 0234 9940     	 lsls r1,r1,r3
 951 0236 89B2     	 uxth r1,r1
 952 0238 03B9     	 cbnz r3,.L243
 953 023a 2380     	 strh r3,[r4]
 954              	.L243:
 955 023c 2288     	 ldrh r2,[r4]
 956 023e 0140     	 ands r1,r1,r0
 957 0240 B8F1000F 	 cmp r8,#0
 958 0244 00D1     	 bne .L327
 959 0246 1941     	 asrs r1,r1,r3
 960              	.L327:
 961 0248 1143     	 orrs r1,r1,r2
 962 024a 2180     	 strh r1,[r4]
 963 024c BCF80230 	 ldrh r3,[ip,#2]
 964 0250 1D44     	 add r5,r5,r3
 965 0252 2A07     	 lsls r2,r5,#28
 966 0254 5ED1     	 bne .L264
 967 0256 0234     	 adds r4,r4,#2
 968 0258 5CE0     	 b .L264
 969              	.L228:
 970 025a 2B07     	 lsls r3,r5,#28
 971 025c 7FF4F6AE 	 bne .L246
 972 0260 32F81030 	 ldrh r3,[r2,r0,lsl#1]
 973 0264 24F8023B 	 strh r3,[r4],#2
 974 0268 54E0     	 b .L264
 975              	.L229:
 976 026a 2D07     	 lsls r5,r5,#28
 977 026c 7FF4EEAE 	 bne .L246
 978 0270 32F81030 	 ldrh r3,[r2,r0,lsl#1]
 979 0274 2380     	 strh r3,[r4]
 980 0276 4B88     	 ldrh r3,[r1,#2]
 981 0278 6380     	 strh r3,[r4,#2]
 982 027a 0434     	 adds r4,r4,#4
 983 027c 4AE0     	 b .L264
 984              	.L230:
 985 027e 2B07     	 lsls r3,r5,#28
 986 0280 7FF4E4AE 	 bne .L246
 987 0284 32F81030 	 ldrh r3,[r2,r0,lsl#1]
 988 0288 2380     	 strh r3,[r4]
 989 028a 4B88     	 ldrh r3,[r1,#2]
 990 028c 6380     	 strh r3,[r4,#2]
 991 028e 8B88     	 ldrh r3,[r1,#4]
 992 0290 A380     	 strh r3,[r4,#4]
 993 0292 CB88     	 ldrh r3,[r1,#6]
 994 0294 E380     	 strh r3,[r4,#6]
 995 0296 0834     	 adds r4,r4,#8
 996 0298 3CE0     	 b .L264
 997              	.L237:
 998 029a 2D07     	 lsls r5,r5,#28
 999 029c 7FF4D6AE 	 bne .L246
 1000 02a0 BCF80220 	 ldrh r2,[ip,#2]
 1001 02a4 CDF810C0 	 str ip,[sp,#16]
 1002 02a8 0732     	 adds r2,r2,#7
 1003 02aa 2046     	 mov r0,r4
 1004 02ac D210     	 asrs r2,r2,#3
 1005 02ae FFF7FEFF 	 bl memcpy
 1006 02b2 DDF810C0 	 ldr ip,[sp,#16]
 1007 02b6 BCF80230 	 ldrh r3,[ip,#2]
 1008 02ba 1A09     	 lsrs r2,r3,#4
 1009 02bc 1807     	 lsls r0,r3,#28
 1010 02be 04EB4204 	 add r4,r4,r2,lsl#1
 1011 02c2 27D0     	 beq .L264
 1012 02c4 2378     	 ldrb r3,[r4]
 1013 02c6 2380     	 strh r3,[r4]
 1014 02c8 24E0     	 b .L264
 1015              	.L222:
 1016 02ca 15F00F02 	 ands r2,r5,#15
 1017 02ce 08BF     	 it eq
 1018 02d0 2280     	 strheq r2,[r4]
 1019 02d2 BCF80220 	 ldrh r2,[ip,#2]
 1020 02d6 1107     	 lsls r1,r2,#28
 1021 02d8 05D0     	 beq .L248
 1022 02da 1544     	 add r5,r5,r2
 1023 02dc 15F00F05 	 ands r5,r5,#15
 1024 02e0 04BF     	 itt eq
 1025 02e2 6580     	 strheq r5,[r4,#2]
 1026 02e4 0234     	 addeq r4,r4,#2
 1027              	.L248:
 1028 02e6 0022     	 movs r2,#0
 1029              	.L249:
 1030 02e8 BCF80210 	 ldrh r1,[ip,#2]
 1031 02ec D0B2     	 uxtb r0,r2
 1032 02ee C1F30311 	 ubfx r1,r1,#4,#4
 1033 02f2 8842     	 cmp r0,r1
 1034 02f4 02F10102 	 add r2,r2,#1
 1035 02f8 03DA     	 bge .L337
 1036 02fa 0021     	 movs r1,#0
 1037 02fc 24F8021F 	 strh r1,[r4,#2]!
 1038 0300 F2E7     	 b .L249
 1039              	.L337:
 1040 0302 BCF80420 	 ldrh r2,[ip,#4]
 1041 0306 12F0070F 	 tst r2,#7
 1042 030a 0CBF     	 ite eq
 1043 030c 0622     	 moveq r2,#6
 1044 030e 1A22     	 movne r2,#26
 1045 0310 0192     	 str r2,[sp,#4]
 1046 0312 11E7     	 b .L224
 1047              	.L264:
 1048 0314 0123     	 movs r3,#1
 1049 0316 0FE7     	 b .L224
 1050              	.L339:
 1051              	 .align 2
 1052              	.L338:
 1053 0318 00000000 	 .word nAlStatus
 1054 031c 00000000 	 .word pAPPL_CoeReadInd
 1055 0320 00000000 	 .word .LANCHOR1
 1056              	.L336:
 1057 0324 002B     	 cmp r3,#0
 1058 0326 0198     	 ldr r0,[sp,#4]
 1059 0328 18BF     	 it ne
 1060 032a 0020     	 movne r0,#0
 1061 032c 08E0     	 b .L324
 1062              	.L254:
 1063 032e 1120     	 movs r0,#17
 1064 0330 06E0     	 b .L324
 1065              	.L261:
 1066 0332 1820     	 movs r0,#24
 1067 0334 04E0     	 b .L324
 1068              	.L212:
 1069 0336 B8F1000F 	 cmp r8,#0
 1070 033a 7FF487AE 	 bne .L246
 1071 033e 7CE6     	 b .L252
 1072              	.L324:
 1073 0340 07B0     	 add sp,sp,#28
 1074              	 
 1075 0342 BDE8F08F 	 pop {r4,r5,r6,r7,r8,r9,r10,fp,pc}
 1077              	 .section .text.OBJ_Write,"ax",%progbits
 1078              	 .align 1
 1079              	 .global OBJ_Write
 1080              	 .thumb
 1081              	 .thumb_func
 1083              	OBJ_Write:
 1084              	 
 1085              	 
 1086 0000 2DE9F04F 	 push {r4,r5,r6,r7,r8,r9,r10,fp,lr}
 1087 0004 9A46     	 mov r10,r3
 1088 0006 9B89     	 ldrh r3,[r3,#12]
 1089 0008 8BB0     	 sub sp,sp,#44
 1090 000a 1746     	 mov r7,r2
 1091 000c C3F30322 	 ubfx r2,r3,#8,#4
 1092 0010 DBB2     	 uxtb r3,r3
 1093 0012 0593     	 str r3,[sp,#20]
 1094 0014 072A     	 cmp r2,#7
 1095 0016 8BB2     	 uxth r3,r1
 1096 0018 0646     	 mov r6,r0
 1097 001a 8946     	 mov r9,r1
 1098 001c 149C     	 ldr r4,[sp,#80]
 1099 001e 9DF85480 	 ldrb r8,[sp,#84]
 1100 0022 0692     	 str r2,[sp,#24]
 1101 0024 0293     	 str r3,[sp,#8]
 1102 0026 1DD0     	 beq .L341
 1103 0028 DAF81830 	 ldr r3,[r10,#24]
 1104 002c 93F800B0 	 ldrb fp,[r3]
 1105 0030 BBF1000F 	 cmp fp,#0
 1106 0034 57D1     	 bne .L342
 1107 0036 A0F5E053 	 sub r3,r0,#7168
 1108 003a 103B     	 subs r3,r3,#16
 1109 003c 1F2B     	 cmp r3,#31
 1110 003e 50D9     	 bls .L392
 1111 0040 A0F5B053 	 sub r3,r0,#5632
 1112 0044 B3F5007F 	 cmp r3,#512
 1113 0048 4BD3     	 bcc .L392
 1114 004a A0F5D053 	 sub r3,r0,#6656
 1115 004e B3F5007F 	 cmp r3,#512
 1116 0052 46D3     	 bcc .L392
 1117 0054 059B     	 ldr r3,[sp,#20]
 1118 0056 4FF2300B 	 movw fp,#61488
 1119 005a 5845     	 cmp r0,fp
 1120 005c 18BF     	 it ne
 1121 005e 0023     	 movne r3,#0
 1122 0060 9B46     	 mov fp,r3
 1123 0062 40E0     	 b .L342
 1124              	.L341:
 1125 0064 B8F1000F 	 cmp r8,#0
 1126 0068 01D0     	 beq .L499
 1127              	.L376:
 1128 006a 0520     	 movs r0,#5
 1129 006c E6E1     	 b .L483
 1130              	.L499:
 1131 006e C346     	 mov fp,r8
 1132              	.L386:
 1133 0070 029B     	 ldr r3,[sp,#8]
 1134 0072 5B45     	 cmp r3,fp
 1135 0074 00F2CF81 	 bhi .L393
 1136 0078 4946     	 mov r1,r9
 1137 007a 5046     	 mov r0,r10
 1138 007c FFF7FEFF 	 bl OBJ_GetEntryDesc
 1139 0080 B349     	 ldr r1,.L501
 1140 0082 8388     	 ldrh r3,[r0,#4]
 1141 0084 0978     	 ldrb r1,[r1]
 1142 0086 03F03802 	 and r2,r3,#56
 1143 008a 11EA9201 	 ands r1,r1,r2,lsr#2
 1144 008e 06D1     	 bne .L346
 1145 0090 002A     	 cmp r2,#0
 1146 0092 40F0C281 	 bne .L394
 1147 0096 002B     	 cmp r3,#0
 1148 0098 E7D0     	 beq .L376
 1149 009a 0720     	 movs r0,#7
 1150 009c CEE1     	 b .L483
 1151              	.L346:
 1152 009e DDF808B0 	 ldr fp,[sp,#8]
 1153 00a2 B9F1000F 	 cmp r9,#0
 1154 00a6 19D0     	 beq .L396
 1155              	.L343:
 1156 00a8 A6F5E053 	 sub r3,r6,#7168
 1157 00ac 103B     	 subs r3,r3,#16
 1158 00ae 1F2B     	 cmp r3,#31
 1159 00b0 0DD9     	 bls .L348
 1160 00b2 A6F5B053 	 sub r3,r6,#5632
 1161 00b6 B3F5007F 	 cmp r3,#512
 1162 00ba 08D3     	 bcc .L348
 1163 00bc A6F5D053 	 sub r3,r6,#6656
 1164 00c0 B3F5007F 	 cmp r3,#512
 1165 00c4 03D3     	 bcc .L348
 1166 00c6 4FF23003 	 movw r3,#61488
 1167 00ca 9E42     	 cmp r6,r3
 1168 00cc 14D1     	 bne .L397
 1169              	.L348:
 1170 00ce DAF81830 	 ldr r3,[r10,#24]
 1171 00d2 1B78     	 ldrb r3,[r3]
 1172 00d4 0033     	 adds r3,r3,#0
 1173 00d6 18BF     	 it ne
 1174 00d8 0123     	 movne r3,#1
 1175 00da 0EE0     	 b .L485
 1176              	.L396:
 1177 00dc CDF81090 	 str r9,[sp,#16]
 1178 00e0 0CE0     	 b .L347
 1179              	.L392:
 1180 00e2 DDF814B0 	 ldr fp,[sp,#20]
 1181              	.L342:
 1182 00e6 B8F1000F 	 cmp r8,#0
 1183 00ea C1D0     	 beq .L386
 1184 00ec B9F1000F 	 cmp r9,#0
 1185 00f0 DAD1     	 bne .L343
 1186 00f2 0FB1     	 cbz r7,.L397
 1187 00f4 94F800B0 	 ldrb fp,[r4]
 1188              	.L397:
 1189 00f8 0023     	 movs r3,#0
 1190              	.L485:
 1191 00fa 0493     	 str r3,[sp,#16]
 1192              	.L347:
 1193 00fc DAF82050 	 ldr r5,[r10,#32]
 1194 0100 55B1     	 cbz r5,.L349
 1195 0102 CDF80080 	 str r8,[sp]
 1196 0106 3046     	 mov r0,r6
 1197 0108 4946     	 mov r1,r9
 1198 010a 3A46     	 mov r2,r7
 1199 010c 2346     	 mov r3,r4
 1200 010e A847     	 blx r5
 1201 0110 0028     	 cmp r0,#0
 1202 0112 00F07481 	 beq .L498
 1203 0116 91E1     	 b .L483
 1204              	.L349:
 1205 0118 002F     	 cmp r7,#0
 1206 011a 00F07A81 	 beq .L491
 1207 011e 0723     	 movs r3,#7
 1208 0120 029F     	 ldr r7,[sp,#8]
 1209 0122 0393     	 str r3,[sp,#12]
 1210 0124 2B46     	 mov r3,r5
 1211              	.L352:
 1212 0126 5F45     	 cmp r7,fp
 1213 0128 00F26881 	 bhi .L500
 1214 012c FAB2     	 uxtb r2,r7
 1215 012e 1146     	 mov r1,r2
 1216 0130 5046     	 mov r0,r10
 1217 0132 0993     	 str r3,[sp,#36]
 1218 0134 0892     	 str r2,[sp,#32]
 1219 0136 FFF7FEFF 	 bl OBJ_GetEntryDesc
 1220 013a 089A     	 ldr r2,[sp,#32]
 1221 013c 0790     	 str r0,[sp,#28]
 1222 013e 5146     	 mov r1,r10
 1223 0140 1046     	 mov r0,r2
 1224 0142 FFF7FEFF 	 bl OBJ_GetEntryOffset
 1225 0146 DDF81CC0 	 ldr ip,[sp,#28]
 1226 014a 8149     	 ldr r1,.L501
 1227 014c BCF80420 	 ldrh r2,[ip,#4]
 1228 0150 0978     	 ldrb r1,[r1]
 1229 0152 DAF81850 	 ldr r5,[r10,#24]
 1230 0156 02F03802 	 and r2,r2,#56
 1231 015a 11EA9203 	 ands r3,r1,r2,lsr#2
 1232 015e 099B     	 ldr r3,[sp,#36]
 1233 0160 00F03781 	 beq .L353
 1234 0164 002F     	 cmp r7,#0
 1235 0166 00F06481 	 beq .L354
 1236 016a C0F30F12 	 ubfx r2,r0,#4,#16
 1237 016e 05EB4205 	 add r5,r5,r2,lsl#1
 1238 0172 029A     	 ldr r2,[sp,#8]
 1239 0174 9742     	 cmp r7,r2
 1240 0176 13D0     	 beq .L355
 1241              	.L389:
 1242 0178 B8F1000F 	 cmp r8,#0
 1243 017c 00F03B81 	 beq .L356
 1244 0180 029A     	 ldr r2,[sp,#8]
 1245 0182 9742     	 cmp r7,r2
 1246 0184 C0F03781 	 bcc .L356
 1247 0188 57B9     	 cbnz r7,.L355
 1248              	.L388:
 1249 018a 069B     	 ldr r3,[sp,#24]
 1250 018c 072B     	 cmp r3,#7
 1251 018e 07D0     	 beq .L355
 1252 0190 2388     	 ldrh r3,[r4]
 1253 0192 0599     	 ldr r1,[sp,#20]
 1254 0194 DAB2     	 uxtb r2,r3
 1255 0196 9142     	 cmp r1,r2
 1256 0198 C0F04181 	 bcc .L399
 1257 019c 2B80     	 strh r3,[r5]
 1258 019e D4E0     	 b .L495
 1259              	.L355:
 1260 01a0 BCF80030 	 ldrh r3,[ip]
 1261 01a4 B3F5E06F 	 cmp r3,#1792
 1262 01a8 0CD3     	 bcc .L357
 1263 01aa BCF80220 	 ldrh r2,[ip,#2]
 1264 01ae 082A     	 cmp r2,#8
 1265 01b0 03D8     	 bhi .L358
 1266 01b2 02F12F03 	 add r3,r2,#47
 1267 01b6 9BB2     	 uxth r3,r3
 1268 01b8 04E0     	 b .L357
 1269              	.L358:
 1270 01ba 102A     	 cmp r2,#16
 1271 01bc 75D0     	 beq .L359
 1272 01be 202A     	 cmp r2,#32
 1273 01c0 00F0D280 	 beq .L360
 1274              	.L357:
 1275 01c4 112B     	 cmp r3,#17
 1276 01c6 00F0E280 	 beq .L361
 1277 01ca 14D8     	 bhi .L362
 1278 01cc 052B     	 cmp r3,#5
 1279 01ce 42D0     	 beq .L363
 1280 01d0 07D8     	 bhi .L364
 1281 01d2 022B     	 cmp r3,#2
 1282 01d4 01D8     	 bhi .L365
 1283 01d6 7BB3     	 cbz r3,.L484
 1284 01d8 3DE0     	 b .L363
 1285              	.L365:
 1286 01da 032B     	 cmp r3,#3
 1287 01dc 65D0     	 beq .L359
 1288 01de 042B     	 cmp r3,#4
 1289 01e0 21E0     	 b .L487
 1290              	.L364:
 1291 01e2 082B     	 cmp r3,#8
 1292 01e4 02D8     	 bhi .L367
 1293 01e6 072B     	 cmp r3,#7
 1294 01e8 5FD3     	 bcc .L359
 1295 01ea BDE0     	 b .L360
 1296              	.L367:
 1297 01ec 092B     	 cmp r3,#9
 1298 01ee 00F0DB80 	 beq .L368
 1299 01f2 0B2B     	 cmp r3,#11
 1300 01f4 1DE0     	 b .L490
 1301              	.L362:
 1302 01f6 2D2B     	 cmp r3,#45
 1303 01f8 2DD0     	 beq .L363
 1304 01fa 0DD8     	 bhi .L370
 1305 01fc 1E2B     	 cmp r3,#30
 1306 01fe 2AD0     	 beq .L363
 1307 0200 06D8     	 bhi .L371
 1308 0202 152B     	 cmp r3,#21
 1309 0204 00F0C380 	 beq .L361
 1310 0208 1B2B     	 cmp r3,#27
 1311 020a 00F0C080 	 beq .L361
 1312 020e 08E1     	 b .L401
 1313              	.L371:
 1314 0210 1F2B     	 cmp r3,#31
 1315 0212 4AD0     	 beq .L359
 1316 0214 202B     	 cmp r3,#32
 1317 0216 06E0     	 b .L487
 1318              	.L370:
 1319 0218 372B     	 cmp r3,#55
 1320 021a 07D8     	 bhi .L372
 1321 021c 302B     	 cmp r3,#48
 1322 021e 1AD2     	 bcs .L363
 1323 0220 2E2B     	 cmp r3,#46
 1324 0222 42D0     	 beq .L359
 1325 0224 2F2B     	 cmp r3,#47
 1326              	.L487:
 1327 0226 00F09F80 	 beq .L360
 1328 022a FAE0     	 b .L401
 1329              	.L372:
 1330 022c A3F51873 	 sub r3,r3,#608
 1331 0230 032B     	 cmp r3,#3
 1332              	.L490:
 1333 0232 40F2B980 	 bls .L368
 1334 0236 F4E0     	 b .L401
 1335              	.L484:
 1336 0238 B8F1000F 	 cmp r8,#0
 1337 023c 00F0F180 	 beq .L401
 1338 0240 BCF80230 	 ldrh r3,[ip,#2]
 1339 0244 1D07     	 lsls r5,r3,#28
 1340 0246 03D0     	 beq .L373
 1341 0248 1844     	 add r0,r0,r3
 1342 024a 0107     	 lsls r1,r0,#28
 1343 024c 08BF     	 it eq
 1344 024e 0234     	 addeq r4,r4,#2
 1345              	.L373:
 1346 0250 C3F30313 	 ubfx r3,r3,#4,#4
 1347 0254 BAE0     	 b .L492
 1348              	.L363:
 1349 0256 BCF80220 	 ldrh r2,[ip,#2]
 1350 025a 3E4B     	 ldr r3,.L501+4
 1351 025c 33F81230 	 ldrh r3,[r3,r2,lsl#1]
 1352 0260 2A88     	 ldrh r2,[r5]
 1353 0262 00F00F01 	 and r1,r0,#15
 1354 0266 03FA01FE 	 lsl lr,r3,r1
 1355 026a 22EA0E02 	 bic r2,r2,lr
 1356 026e 0792     	 str r2,[sp,#28]
 1357 0270 B8F1000F 	 cmp r8,#0
 1358 0274 05D0     	 beq .L374
 1359 0276 2388     	 ldrh r3,[r4]
 1360 0278 0EEA030E 	 and lr,lr,r3
 1361 027c 42EA0E02 	 orr r2,r2,lr
 1362 0280 0AE0     	 b .L486
 1363              	.L374:
 1364 0282 B4F800E0 	 ldrh lr,[r4]
 1365 0286 3EEA0302 	 bics r2,lr,r3
 1366 028a 40F0CC80 	 bne .L405
 1367 028e 0EEA0303 	 and r3,lr,r3
 1368 0292 079A     	 ldr r2,[sp,#28]
 1369 0294 8B40     	 lsls r3,r3,r1
 1370 0296 1A43     	 orrs r2,r2,r3
 1371              	.L486:
 1372 0298 92B2     	 uxth r2,r2
 1373 029a 2A80     	 strh r2,[r5]
 1374 029c BCF80230 	 ldrh r3,[ip,#2]
 1375 02a0 1844     	 add r0,r0,r3
 1376 02a2 0207     	 lsls r2,r0,#28
 1377 02a4 40F0A680 	 bne .L403
 1378 02a8 4FE0     	 b .L495
 1379              	.L359:
 1380 02aa 0307     	 lsls r3,r0,#28
 1381 02ac 7FF4DDAE 	 bne .L376
 1382 02b0 049B     	 ldr r3,[sp,#16]
 1383 02b2 2288     	 ldrh r2,[r4]
 1384 02b4 1BB1     	 cbz r3,.L377
 1385 02b6 2B88     	 ldrh r3,[r5]
 1386 02b8 9342     	 cmp r3,r2
 1387 02ba 40F0B680 	 bne .L408
 1388              	.L377:
 1389 02be A6F5E053 	 sub r3,r6,#7168
 1390 02c2 103B     	 subs r3,r3,#16
 1391 02c4 1F2B     	 cmp r3,#31
 1392 02c6 0CD8     	 bhi .L378
 1393 02c8 A2F5B053 	 sub r3,r2,#5632
 1394 02cc B3F5007F 	 cmp r3,#512
 1395 02d0 07D3     	 bcc .L378
 1396 02d2 A2F5D053 	 sub r3,r2,#6656
 1397 02d6 B3F5007F 	 cmp r3,#512
 1398 02da 02D3     	 bcc .L378
 1399 02dc 002A     	 cmp r2,#0
 1400 02de 40F0A280 	 bne .L405
 1401              	.L378:
 1402 02e2 A6F5E153 	 sub r3,r6,#7200
 1403 02e6 123B     	 subs r3,r3,#18
 1404 02e8 012B     	 cmp r3,#1
 1405 02ea 2DD8     	 bhi .L379
 1406 02ec 012F     	 cmp r7,#1
 1407 02ee 10D1     	 bne .L380
 1408 02f0 2B88     	 ldrh r3,[r5]
 1409 02f2 9342     	 cmp r3,r2
 1410 02f4 09D0     	 beq .L381
 1411 02f6 1146     	 mov r1,r2
 1412 02f8 3046     	 mov r0,r6
 1413 02fa 0792     	 str r2,[sp,#28]
 1414 02fc FFF7FEFF 	 bl CheckSyncTypeValue
 1415 0300 079A     	 ldr r2,[sp,#28]
 1416 0302 0390     	 str r0,[sp,#12]
 1417 0304 0028     	 cmp r0,#0
 1418 0306 40F09280 	 bne .L409
 1419              	.L381:
 1420 030a 134B     	 ldr r3,.L501+8
 1421 030c 0121     	 movs r1,#1
 1422 030e 1970     	 strb r1,[r3]
 1423 0310 1AE0     	 b .L379
 1424              	.L380:
 1425 0312 082F     	 cmp r7,#8
 1426 0314 18D1     	 bne .L379
 1427 0316 1148     	 ldr r0,.L501+12
 1428 0318 1149     	 ldr r1,.L501+16
 1429 031a DFF848E0 	 ldr lr,.L501+20
 1430 031e C0F810E0 	 str lr,[r0,#16]
 1431 0322 0023     	 movs r3,#0
 1432 0324 12F0020F 	 tst r2,#2
 1433 0328 4361     	 str r3,[r0,#20]
 1434 032a 4360     	 str r3,[r0,#4]
 1435 032c 4B61     	 str r3,[r1,#20]
 1436 032e C1F810E0 	 str lr,[r1,#16]
 1437 0332 4B60     	 str r3,[r1,#4]
 1438 0334 1FBF     	 itttt ne
 1439 0336 4385     	 strhne r3,[r0,#42]
 1440 0338 0385     	 strhne r3,[r0,#40]
 1441 033a 80F84030 	 strbne r3,[r0,#64]
 1442 033e 4B85     	 strhne r3,[r1,#42]
 1443 0340 1CBF     	 itt ne
 1444 0342 0B85     	 strhne r3,[r1,#40]
 1445 0344 81F84030 	 strbne r3,[r1,#64]
 1446              	.L379:
 1447 0348 2A80     	 strh r2,[r5]
 1448              	.L495:
 1449 034a 0234     	 adds r4,r4,#2
 1450 034c 52E0     	 b .L403
 1451              	.L502:
 1452 034e 00BF     	 .align 2
 1453              	.L501:
 1454 0350 00000000 	 .word nAlStatus
 1455 0354 00000000 	 .word .LANCHOR1
 1456 0358 00000000 	 .word bSyncSetByUser
 1457 035c 00000000 	 .word sSyncManOutPar
 1458 0360 00000000 	 .word sSyncManInPar
 1459 0364 48E80100 	 .word 125000
 1460              	.L360:
 1461 0368 0107     	 lsls r1,r0,#28
 1462 036a 7FF47EAE 	 bne .L376
 1463 036e 049B     	 ldr r3,[sp,#16]
 1464 0370 3BB1     	 cbz r3,.L382
 1465 0372 2A88     	 ldrh r2,[r5]
 1466 0374 2388     	 ldrh r3,[r4]
 1467 0376 9A42     	 cmp r2,r3
 1468 0378 57D1     	 bne .L408
 1469 037a 6A88     	 ldrh r2,[r5,#2]
 1470 037c 6388     	 ldrh r3,[r4,#2]
 1471 037e 9A42     	 cmp r2,r3
 1472 0380 53D1     	 bne .L408
 1473              	.L382:
 1474 0382 2388     	 ldrh r3,[r4]
 1475 0384 2B80     	 strh r3,[r5]
 1476 0386 6388     	 ldrh r3,[r4,#2]
 1477 0388 6B80     	 strh r3,[r5,#2]
 1478 038a 0434     	 adds r4,r4,#4
 1479 038c 32E0     	 b .L403
 1480              	.L361:
 1481 038e 0207     	 lsls r2,r0,#28
 1482 0390 7FF46BAE 	 bne .L376
 1483 0394 2388     	 ldrh r3,[r4]
 1484 0396 2B80     	 strh r3,[r5]
 1485 0398 6388     	 ldrh r3,[r4,#2]
 1486 039a 6B80     	 strh r3,[r5,#2]
 1487 039c A388     	 ldrh r3,[r4,#4]
 1488 039e AB80     	 strh r3,[r5,#4]
 1489 03a0 E388     	 ldrh r3,[r4,#6]
 1490 03a2 EB80     	 strh r3,[r5,#6]
 1491 03a4 0834     	 adds r4,r4,#8
 1492 03a6 25E0     	 b .L403
 1493              	.L368:
 1494 03a8 0307     	 lsls r3,r0,#28
 1495 03aa 7FF45EAE 	 bne .L376
 1496 03ae BCF80220 	 ldrh r2,[ip,#2]
 1497 03b2 CDF81CC0 	 str ip,[sp,#28]
 1498 03b6 0732     	 adds r2,r2,#7
 1499 03b8 2846     	 mov r0,r5
 1500 03ba 2146     	 mov r1,r4
 1501 03bc D210     	 asrs r2,r2,#3
 1502 03be FFF7FEFF 	 bl memcpy
 1503 03c2 DDF81CC0 	 ldr ip,[sp,#28]
 1504 03c6 BCF80230 	 ldrh r3,[ip,#2]
 1505 03ca 1B09     	 lsrs r3,r3,#4
 1506              	.L492:
 1507 03cc 04EB4304 	 add r4,r4,r3,lsl#1
 1508 03d0 10E0     	 b .L403
 1509              	.L353:
 1510 03d2 0FB9     	 cbnz r7,.L383
 1511 03d4 0234     	 adds r4,r4,#2
 1512 03d6 0AE0     	 b .L488
 1513              	.L383:
 1514 03d8 BCF80220 	 ldrh r2,[ip,#2]
 1515 03dc 1507     	 lsls r5,r2,#28
 1516 03de 03D0     	 beq .L384
 1517 03e0 1044     	 add r0,r0,r2
 1518 03e2 0107     	 lsls r1,r0,#28
 1519 03e4 08BF     	 it eq
 1520 03e6 0234     	 addeq r4,r4,#2
 1521              	.L384:
 1522 03e8 1209     	 lsrs r2,r2,#4
 1523 03ea 04EB4204 	 add r4,r4,r2,lsl#1
 1524              	.L488:
 1525 03ee 1822     	 movs r2,#24
 1526 03f0 0392     	 str r2,[sp,#12]
 1527 03f2 00E0     	 b .L356
 1528              	.L403:
 1529 03f4 0123     	 movs r3,#1
 1530              	.L356:
 1531 03f6 0137     	 adds r7,r7,#1
 1532 03f8 BFB2     	 uxth r7,r7
 1533 03fa 94E6     	 b .L352
 1534              	.L500:
 1535 03fc BBB1     	 cbz r3,.L409
 1536              	.L498:
 1537 03fe 114B     	 ldr r3,.L503
 1538 0400 1B68     	 ldr r3,[r3]
 1539 0402 33B1     	 cbz r3,.L491
 1540 0404 18F10002 	 adds r2,r8,#0
 1541 0408 3046     	 mov r0,r6
 1542 040a 4946     	 mov r1,r9
 1543 040c 18BF     	 it ne
 1544 040e 0122     	 movne r2,#1
 1545 0410 9847     	 blx r3
 1546              	.L491:
 1547 0412 0020     	 movs r0,#0
 1548 0414 12E0     	 b .L483
 1549              	.L393:
 1550 0416 1120     	 movs r0,#17
 1551 0418 10E0     	 b .L483
 1552              	.L394:
 1553 041a 1A20     	 movs r0,#26
 1554 041c 0EE0     	 b .L483
 1555              	.L399:
 1556 041e 1320     	 movs r0,#19
 1557 0420 0CE0     	 b .L483
 1558              	.L401:
 1559 0422 1820     	 movs r0,#24
 1560 0424 0AE0     	 b .L483
 1561              	.L405:
 1562 0426 1220     	 movs r0,#18
 1563 0428 08E0     	 b .L483
 1564              	.L408:
 1565 042a 1C20     	 movs r0,#28
 1566 042c 06E0     	 b .L483
 1567              	.L409:
 1568 042e 0398     	 ldr r0,[sp,#12]
 1569 0430 04E0     	 b .L483
 1570              	.L354:
 1571 0432 029A     	 ldr r2,[sp,#8]
 1572 0434 002A     	 cmp r2,#0
 1573 0436 7FF49FAE 	 bne .L389
 1574 043a A6E6     	 b .L388
 1575              	.L483:
 1576 043c 0BB0     	 add sp,sp,#44
 1577              	 
 1578 043e BDE8F08F 	 pop {r4,r5,r6,r7,r8,r9,r10,fp,pc}
 1579              	.L504:
 1580 0442 00BF     	 .align 2
 1581              	.L503:
 1582 0444 00000000 	 .word pAPPL_CoeWriteInd
 1584              	 .global cBitMask
 1585              	 .global aSubindexDesc
 1586              	 .global sErrorSettings
 1587              	 .comm sSyncManInPar,68,4
 1588              	 .comm sSyncManOutPar,68,4
 1589              	 .comm sCycleDiag,2,2
 1590              	 .comm bSyncSetByUser,1,1
 1591              	 .section .data.sErrorSettings,"aw",%progbits
 1592              	 .align 2
 1595              	sErrorSettings:
 1596 0000 0200     	 .short 2
 1597 0002 0000     	 .space 2
 1598 0004 01000000 	 .word 1
 1599 0008 0400     	 .short 4
 1600 000a 0000     	 .space 2
 1601              	 .section .data.aSubindexDesc,"aw",%progbits
 1602              	 .set .LANCHOR0,.+0
 1605              	aSubindexDesc:
 1606 0000 53756249 	 .ascii "SubIndex 000\000"
 1606      6E646578 
 1606      20303030 
 1606      00
 1607              	 .section .rodata.cBitMask,"a",%progbits
 1608              	 .align 1
 1609              	 .set .LANCHOR1,.+0
 1612              	cBitMask:
 1613 0000 0000     	 .short 0
 1614 0002 0100     	 .short 1
 1615 0004 0300     	 .short 3
 1616 0006 0700     	 .short 7
 1617 0008 0F00     	 .short 15
 1618 000a 1F00     	 .short 31
 1619 000c 3F00     	 .short 63
 1620 000e 7F00     	 .short 127
 1621 0010 FF00     	 .short 255
 1622 0012 FF01     	 .short 511
 1623 0014 FF03     	 .short 1023
 1624 0016 FF07     	 .short 2047
 1625 0018 FF0F     	 .short 4095
 1626 001a FF1F     	 .short 8191
 1627 001c FF3F     	 .short 16383
 1628 001e FF7F     	 .short 32767
 1629              	 .ident "GCC: (GNU Tools for ARM Embedded Processors) 4.9.3 20141119 (release) [ARM/embedded-4_9-branch revision 218278]"
DEFINED SYMBOLS
                            *ABS*:00000000 objdef.c
    {standard input}:17     .text.OBJ_GetObjectHandle:00000000 $t
    {standard input}:22     .text.OBJ_GetObjectHandle:00000000 OBJ_GetObjectHandle
    {standard input}:39     .text.OBJ_GetObjectLength:00000000 $t
    {standard input}:44     .text.OBJ_GetObjectLength:00000000 OBJ_GetObjectLength
    {standard input}:119    .text.OBJ_CopyNumberToString:00000000 $t
    {standard input}:124    .text.OBJ_CopyNumberToString:00000000 OBJ_CopyNumberToString
    {standard input}:146    .text.OBJ_GetDesc:00000000 $t
    {standard input}:151    .text.OBJ_GetDesc:00000000 OBJ_GetDesc
    {standard input}:260    .text.OBJ_GetDesc:000000d0 $d
    {standard input}:263    .text.OBJ_GetEntryDesc:00000000 $t
    {standard input}:268    .text.OBJ_GetEntryDesc:00000000 OBJ_GetEntryDesc
    {standard input}:287    .text.OBJ_GetNoOfObjects:00000000 $t
    {standard input}:292    .text.OBJ_GetNoOfObjects:00000000 OBJ_GetNoOfObjects
    {standard input}:339    .text.OBJ_GetObjectList:00000000 $t
    {standard input}:344    .text.OBJ_GetObjectList:00000000 OBJ_GetObjectList
    {standard input}:430    .text.OBJ_GetObjectList:000000ac $d
    {standard input}:433    .text.OBJ_GetObjDesc:00000000 $t
    {standard input}:438    .text.OBJ_GetObjDesc:00000000 OBJ_GetObjDesc
    {standard input}:446    .text.OBJ_GetEntryOffset:00000000 $t
    {standard input}:451    .text.OBJ_GetEntryOffset:00000000 OBJ_GetEntryOffset
    {standard input}:569    .text.CheckSyncTypeValue:00000000 $t
    {standard input}:574    .text.CheckSyncTypeValue:00000000 CheckSyncTypeValue
    {standard input}:677    .text.CheckSyncTypeValue:000000b8 $d
                            *COM*:00000044 sSyncManOutPar
                            *COM*:00000044 sSyncManInPar
    {standard input}:683    .text.OBJ_Read:00000000 $t
    {standard input}:688    .text.OBJ_Read:00000000 OBJ_Read
    {standard input}:1053   .text.OBJ_Read:00000318 $d
    {standard input}:1057   .text.OBJ_Read:00000324 $t
    {standard input}:1078   .text.OBJ_Write:00000000 $t
    {standard input}:1083   .text.OBJ_Write:00000000 OBJ_Write
    {standard input}:1454   .text.OBJ_Write:00000350 $d
                            *COM*:00000001 bSyncSetByUser
    {standard input}:1461   .text.OBJ_Write:00000368 $t
    {standard input}:1582   .text.OBJ_Write:00000444 $d
    {standard input}:1612   .rodata.cBitMask:00000000 cBitMask
    {standard input}:1605   .data.aSubindexDesc:00000000 aSubindexDesc
    {standard input}:1595   .data.sErrorSettings:00000000 sErrorSettings
                            *COM*:00000002 sCycleDiag
    {standard input}:1592   .data.sErrorSettings:00000000 $d
    {standard input}:1608   .rodata.cBitMask:00000000 $d

UNDEFINED SYMBOLS
COE_GetObjectDictionary
strlen
memcpy
pSdoInfoObjEntry
nPdOutputSize
nPdInputSize
nAlStatus
pAPPL_CoeReadInd
pAPPL_CoeWriteInd
