   1              	 .syntax unified
   2              	 .cpu cortex-m4
   3              	 .eabi_attribute 27,3
   4              	 .fpu fpv4-sp-d16
   5              	 .eabi_attribute 20,1
   6              	 .eabi_attribute 21,1
   7              	 .eabi_attribute 23,3
   8              	 .eabi_attribute 24,1
   9              	 .eabi_attribute 25,1
  10              	 .eabi_attribute 26,1
  11              	 .eabi_attribute 30,4
  12              	 .eabi_attribute 34,1
  13              	 .eabi_attribute 18,4
  14              	 .thumb
  15              	 .file "sdoserv.c"
  16              	 .section .text.SdoRes,"ax",%progbits
  17              	 .align 1
  18              	 .global SdoRes
  19              	 .thumb
  20              	 .thumb_func
  22              	SdoRes:
  23              	 
  24              	 
  25 0000 F8B5     	 push {r3,r4,r5,r6,r7,lr}
  26 0002 079C     	 ldr r4,[sp,#28]
  27 0004 069E     	 ldr r6,[sp,#24]
  28 0006 E588     	 ldrh r5,[r4,#6]
  29 0008 6029     	 cmp r1,#96
  30 000a 4ED0     	 beq .L2
  31 000c 0029     	 cmp r1,#0
  32 000e 3ED0     	 beq .L3
  33 0010 0027     	 movs r7,#0
  34 0012 2772     	 strb r7,[r4,#8]
  35 0014 20BB     	 cbnz r0,.L4
  36 0016 C5F30B05 	 ubfx r5,r5,#0,#12
  37 001a 45F44055 	 orr r5,r5,#12288
  38 001e 4029     	 cmp r1,#64
  39 0020 E580     	 strh r5,[r4,#6]
  40 0022 19D1     	 bne .L5
  41 0024 711E     	 subs r1,r6,#1
  42 0026 0329     	 cmp r1,#3
  43 0028 09D8     	 bhi .L6
  44 002a 42F04302 	 orr r2,r2,#67
  45 002e C6F10406 	 rsb r6,r6,#4
  46 0032 0A23     	 movs r3,#10
  47 0034 42EA8606 	 orr r6,r2,r6,lsl#2
  48 0038 2380     	 strh r3,[r4]
  49 003a 2672     	 strb r6,[r4,#8]
  50 003c 1FE0     	 b .L7
  51              	.L6:
  52 003e B342     	 cmp r3,r6
  53 0040 2CBF     	 ite cs
  54 0042 06F10A03 	 addcs r3,r6,#10
  55 0046 0A33     	 addcc r3,r3,#10
  56 0048 A681     	 strh r6,[r4,#12]
  57 004a 42F04102 	 orr r2,r2,#65
  58 004e 360C     	 lsrs r6,r6,#16
  59 0050 2380     	 strh r3,[r4]
  60 0052 E681     	 strh r6,[r4,#14]
  61 0054 2272     	 strb r2,[r4,#8]
  62 0056 12E0     	 b .L7
  63              	.L5:
  64 0058 0A23     	 movs r3,#10
  65 005a 2380     	 strh r3,[r4]
  66 005c 6023     	 movs r3,#96
  67 005e 22E0     	 b .L17
  68              	.L4:
  69 0060 0A23     	 movs r3,#10
  70 0062 2380     	 strh r3,[r4]
  71 0064 237A     	 ldrb r3,[r4,#8]
  72 0066 63F07F03 	 orn r3,r3,#127
  73 006a 2372     	 strb r3,[r4,#8]
  74 006c 134B     	 ldr r3,.L19
  75 006e C5F30B05 	 ubfx r5,r5,#0,#12
  76 0072 45F40055 	 orr r5,r5,#8192
  77 0076 53F82030 	 ldr r3,[r3,r0,lsl#2]
  78 007a E580     	 strh r5,[r4,#6]
  79 007c E360     	 str r3,[r4,#12]
  80              	.L7:
  81 007e 2046     	 mov r0,r4
  82 0080 0221     	 movs r1,#2
  83 0082 FFF7FEFF 	 bl MBX_MailboxSendReq
  84 0086 C0B1     	 cbz r0,.L1
  85 0088 0D4B     	 ldr r3,.L19+4
  86 008a 1C60     	 str r4,[r3]
  87 008c F8BD     	 pop {r3,r4,r5,r6,r7,pc}
  88              	.L3:
  89 008e 0028     	 cmp r0,#0
  90 0090 E6D1     	 bne .L4
  91 0092 0A23     	 movs r3,#10
  92 0094 C5F30B05 	 ubfx r5,r5,#0,#12
  93 0098 2380     	 strh r3,[r4]
  94 009a 237A     	 ldrb r3,[r4,#8]
  95 009c 45F44055 	 orr r5,r5,#12288
  96 00a0 E580     	 strh r5,[r4,#6]
  97 00a2 43F02003 	 orr r3,r3,#32
  98              	.L17:
  99 00a6 2372     	 strb r3,[r4,#8]
 100 00a8 E9E7     	 b .L7
 101              	.L2:
 102 00aa 0028     	 cmp r0,#0
 103 00ac D8D1     	 bne .L4
 104 00ae C5F30B05 	 ubfx r5,r5,#0,#12
 105 00b2 45F44055 	 orr r5,r5,#12288
 106 00b6 E580     	 strh r5,[r4,#6]
 107 00b8 E1E7     	 b .L7
 108              	.L1:
 109 00ba F8BD     	 pop {r3,r4,r5,r6,r7,pc}
 110              	.L20:
 111              	 .align 2
 112              	.L19:
 113 00bc 00000000 	 .word .LANCHOR0
 114 00c0 00000000 	 .word pCoeSendStored
 116              	 .section .text.SDOS_SdoInd,"ax",%progbits
 117              	 .align 1
 118              	 .global SDOS_SdoInd
 119              	 .thumb
 120              	 .thumb_func
 122              	SDOS_SdoInd:
 123              	 
 124              	 
 125 0000 2DE9F04F 	 push {r4,r5,r6,r7,r8,r9,r10,fp,lr}
 126 0004 89B0     	 sub sp,sp,#36
 127 0006 037A     	 ldrb r3,[r0,#8]
 128 0008 0393     	 str r3,[sp,#12]
 129 000a 0388     	 ldrh r3,[r0]
 130 000c 0593     	 str r3,[sp,#20]
 131 000e 984B     	 ldr r3,.L119
 132 0010 0693     	 str r3,[sp,#24]
 133 0012 1A78     	 ldrb r2,[r3]
 134 0014 0546     	 mov r5,r0
 135 0016 002A     	 cmp r2,#0
 136 0018 40F00E81 	 bne .L71
 137 001c 039B     	 ldr r3,[sp,#12]
 138 001e 03F0E007 	 and r7,r3,#224
 139 0022 03F01003 	 and r3,r3,#16
 140 0026 DBB2     	 uxtb r3,r3
 141 0028 202F     	 cmp r7,#32
 142 002a 0493     	 str r3,[sp,#16]
 143 002c 08D0     	 beq .L24
 144 002e 02D8     	 bhi .L25
 145 0030 002F     	 cmp r7,#0
 146 0032 69D0     	 beq .L26
 147 0034 B7E1     	 b .L83
 148              	.L25:
 149 0036 402F     	 cmp r7,#64
 150 0038 02D0     	 beq .L24
 151 003a 602F     	 cmp r7,#96
 152 003c 64D0     	 beq .L26
 153 003e B2E1     	 b .L83
 154              	.L24:
 155 0040 AA7A     	 ldrb r2,[r5,#10]
 156 0042 6B7A     	 ldrb r3,[r5,#9]
 157 0044 95F80B80 	 ldrb r8,[r5,#11]
 158 0048 03EB0223 	 add r3,r3,r2,lsl#8
 159 004c 1FFA83FA 	 uxth r10,r3
 160 0050 5046     	 mov r0,r10
 161 0052 FFF7FEFF 	 bl OBJ_GetObjectHandle
 162 0056 8146     	 mov r9,r0
 163 0058 0028     	 cmp r0,#0
 164 005a 00F0A081 	 beq .L73
 165 005e 037B     	 ldrb r3,[r0,#12]
 166 0060 9845     	 cmp r8,r3
 167 0062 00F2ED80 	 bhi .L74
 168 0066 049B     	 ldr r3,[sp,#16]
 169 0068 5046     	 mov r0,r10
 170 006a 13F1000B 	 adds fp,r3,#0
 171 006e 4146     	 mov r1,r8
 172 0070 4A46     	 mov r2,r9
 173 0072 18BF     	 it ne
 174 0074 4FF0010B 	 movne fp,#1
 175 0078 FFF7FEFF 	 bl OBJ_GetObjectLength
 176 007c 402F     	 cmp r7,#64
 177 007e 0646     	 mov r6,r0
 178 0080 17D1     	 bne .L28
 179 0082 059B     	 ldr r3,[sp,#20]
 180 0084 0A2B     	 cmp r3,#10
 181 0086 40F0D980 	 bne .L80
 182 008a 431E     	 subs r3,r0,#1
 183 008c 032B     	 cmp r3,#3
 184 008e 06D8     	 bhi .L29
 185 0090 0023     	 movs r3,#0
 186 0092 05F10C0C 	 add ip,r5,#12
 187 0096 AB81     	 strh r3,[r5,#12]
 188 0098 EB81     	 strh r3,[r5,#14]
 189 009a 0446     	 mov r4,r0
 190 009c 97E1     	 b .L30
 191              	.L29:
 192 009e 754B     	 ldr r3,.L119+4
 193 00a0 1C88     	 ldrh r4,[r3]
 194 00a2 103C     	 subs r4,r4,#16
 195 00a4 8442     	 cmp r4,r0
 196 00a6 C0F08F81 	 bcc .L76
 197 00aa 05F1100C 	 add ip,r5,#16
 198 00ae 0023     	 movs r3,#0
 199 00b0 8DE1     	 b .L30
 200              	.L28:
 201 00b2 202F     	 cmp r7,#32
 202 00b4 40F0A482 	 bne .L77
 203 00b8 039B     	 ldr r3,[sp,#12]
 204 00ba 9B07     	 lsls r3,r3,#30
 205 00bc 0BD5     	 bpl .L32
 206 00be 059B     	 ldr r3,[sp,#20]
 207 00c0 0A2B     	 cmp r3,#10
 208 00c2 40F0BB80 	 bne .L80
 209 00c6 039B     	 ldr r3,[sp,#12]
 210 00c8 C3F38104 	 ubfx r4,r3,#2,#2
 211 00cc C4F10404 	 rsb r4,r4,#4
 212 00d0 05F10C0C 	 add ip,r5,#12
 213 00d4 97E2     	 b .L31
 214              	.L32:
 215 00d6 AB89     	 ldrh r3,[r5,#12]
 216 00d8 EC89     	 ldrh r4,[r5,#14]
 217 00da 03EB0444 	 add r4,r3,r4,lsl#16
 218 00de 664B     	 ldr r3,.L119+8
 219 00e0 1B88     	 ldrh r3,[r3]
 220 00e2 04F11002 	 add r2,r4,#16
 221 00e6 9A42     	 cmp r2,r3
 222 00e8 059A     	 ldr r2,[sp,#20]
 223 00ea 8CBF     	 ite hi
 224 00ec 063B     	 subhi r3,r3,#6
 225 00ee 04F10A03 	 addls r3,r4,#10
 226 00f2 9A42     	 cmp r2,r3
 227 00f4 40F0A280 	 bne .L80
 228 00f8 059B     	 ldr r3,[sp,#20]
 229 00fa 0A3B     	 subs r3,r3,#10
 230 00fc 9C42     	 cmp r4,r3
 231 00fe 05F1100C 	 add ip,r5,#16
 232 0102 00F24C82 	 bhi .L35
 233 0106 7EE2     	 b .L31
 234              	.L26:
 235 0108 5C4B     	 ldr r3,.L119+12
 236 010a 1A78     	 ldrb r2,[r3]
 237 010c BA42     	 cmp r2,r7
 238 010e 9846     	 mov r8,r3
 239 0110 40F04981 	 bne .L83
 240 0114 5A4B     	 ldr r3,.L119+16
 241 0116 0499     	 ldr r1,[sp,#16]
 242 0118 1A78     	 ldrb r2,[r3]
 243 011a 002F     	 cmp r7,#0
 244 011c 37D1     	 bne .L46
 245 011e 8A42     	 cmp r2,r1
 246 0120 00F03981 	 beq .L84
 247 0124 544A     	 ldr r2,.L119+8
 248 0126 1688     	 ldrh r6,[r2]
 249 0128 9DF81020 	 ldrb r2,[sp,#16]
 250 012c 1A70     	 strb r2,[r3]
 251 012e 554B     	 ldr r3,.L119+20
 252 0130 1868     	 ldr r0,[r3]
 253 0132 093E     	 subs r6,r6,#9
 254 0134 B6B2     	 uxth r6,r6
 255 0136 9C46     	 mov ip,r3
 256 0138 0028     	 cmp r0,#0
 257 013a 00F02E81 	 beq .L85
 258 013e 524B     	 ldr r3,.L119+24
 259 0140 039C     	 ldr r4,[sp,#12]
 260 0142 1968     	 ldr r1,[r3]
 261 0144 514B     	 ldr r3,.L119+28
 262 0146 1A68     	 ldr r2,[r3]
 263 0148 14F0010F 	 tst r4,#1
 264 014c A2EB0102 	 sub r2,r2,r1
 265 0150 4F4C     	 ldr r4,.L119+32
 266 0152 15D0     	 beq .L48
 267 0154 B242     	 cmp r2,r6
 268 0156 77D8     	 bhi .L49
 269 0158 059E     	 ldr r6,[sp,#20]
 270 015a A6F1030A 	 sub r10,r6,#3
 271 015e 5245     	 cmp r2,r10
 272 0160 06D8     	 bhi .L50
 273 0162 039E     	 ldr r6,[sp,#12]
 274 0164 86F00E06 	 eor r6,r6,#14
 275 0168 C6F34206 	 ubfx r6,r6,#1,#3
 276 016c B242     	 cmp r2,r6
 277 016e 03D0     	 beq .L51
 278              	.L50:
 279 0170 072A     	 cmp r2,#7
 280 0172 69D9     	 bls .L49
 281 0174 5245     	 cmp r2,r10
 282 0176 67D1     	 bne .L49
 283              	.L51:
 284 0178 0026     	 movs r6,#0
 285 017a 2670     	 strb r6,[r4]
 286 017c 1646     	 mov r6,r2
 287 017e 89E0     	 b .L52
 288              	.L48:
 289 0180 4FF0010E 	 mov lr,#1
 290 0184 B242     	 cmp r2,r6
 291 0186 84F800E0 	 strb lr,[r4]
 292 018a 5DD9     	 bls .L49
 293 018c 82E0     	 b .L52
 294              	.L46:
 295 018e 8A42     	 cmp r2,r1
 296 0190 00F00D81 	 beq .L86
 297 0194 374A     	 ldr r2,.L119+4
 298 0196 3C4E     	 ldr r6,.L119+24
 299 0198 1488     	 ldrh r4,[r2]
 300 019a 9DF81020 	 ldrb r2,[sp,#16]
 301 019e 1A70     	 strb r2,[r3]
 302 01a0 3A4B     	 ldr r3,.L119+28
 303 01a2 DFF8E090 	 ldr r9,.L119+20
 304 01a6 1A68     	 ldr r2,[r3]
 305 01a8 3368     	 ldr r3,[r6]
 306 01aa DFF8E4A0 	 ldr r10,.L119+32
 307 01ae 093C     	 subs r4,r4,#9
 308 01b0 A4B2     	 uxth r4,r4
 309 01b2 E118     	 adds r1,r4,r3
 310 01b4 8A42     	 cmp r2,r1
 311 01b6 D9F80010 	 ldr r1,[r9]
 312 01ba 36BF     	 itet cc
 313 01bc D41A     	 subcc r4,r2,r3
 314 01be 0122     	 movcs r2,#1
 315 01c0 0022     	 movcc r2,#0
 316 01c2 1944     	 add r1,r1,r3
 317 01c4 8AF80020 	 strb r2,[r10]
 318 01c8 05F10900 	 add r0,r5,#9
 319 01cc 2246     	 mov r2,r4
 320 01ce FFF7FEFF 	 bl memcpy
 321 01d2 EB88     	 ldrh r3,[r5,#6]
 322 01d4 9AF80010 	 ldrb r1,[r10]
 323 01d8 C3F30B03 	 ubfx r3,r3,#0,#12
 324 01dc 43F44053 	 orr r3,r3,#12288
 325 01e0 EB80     	 strh r3,[r5,#6]
 326 01e2 0023     	 movs r3,#0
 327 01e4 2B72     	 strb r3,[r5,#8]
 328 01e6 11B1     	 cbz r1,.L61
 329 01e8 9DF81030 	 ldrb r3,[sp,#16]
 330 01ec 02E0     	 b .L113
 331              	.L61:
 332 01ee 049B     	 ldr r3,[sp,#16]
 333 01f0 43F00103 	 orr r3,r3,#1
 334              	.L113:
 335 01f4 062C     	 cmp r4,#6
 336 01f6 2B72     	 strb r3,[r5,#8]
 337 01f8 9FBF     	 itttt ls
 338 01fa 2A7A     	 ldrbls r2,[r5,#8]
 339 01fc 0A23     	 movls r3,#10
 340 01fe 2B80     	 strhls r3,[r5]
 341 0200 C4F10703 	 rsbls r3,r4,#7
 342 0204 95BF     	 itete ls
 343 0206 42EA4303 	 orrls r3,r2,r3,lsl#1
 344 020a E31C     	 addhi r3,r4,#3
 345 020c 2B72     	 strbls r3,[r5,#8]
 346 020e 2B80     	 strhhi r3,[r5]
 347 0210 0129     	 cmp r1,#1
 348 0212 06D1     	 bne .L65
 349 0214 3368     	 ldr r3,[r6]
 350 0216 1C44     	 add r4,r4,r3
 351 0218 3460     	 str r4,[r6]
 352              	.L115:
 353 021a 0024     	 movs r4,#0
 354              	.L114:
 355 021c 2646     	 mov r6,r4
 356 021e 2346     	 mov r3,r4
 357 0220 C8E0     	 b .L23
 358              	.L65:
 359 0222 0024     	 movs r4,#0
 360 0224 D9F80000 	 ldr r0,[r9]
 361 0228 FFF7FEFF 	 bl free
 362 022c C9F80040 	 str r4,[r9]
 363 0230 3460     	 str r4,[r6]
 364 0232 88F80040 	 strb r4,[r8]
 365 0236 F1E7     	 b .L114
 366              	.L71:
 367 0238 0924     	 movs r4,#9
 368 023a EAE1     	 b .L110
 369              	.L80:
 370 023c 0824     	 movs r4,#8
 371 023e E8E1     	 b .L110
 372              	.L74:
 373 0240 0024     	 movs r4,#0
 374 0242 2646     	 mov r6,r4
 375 0244 1123     	 movs r3,#17
 376 0246 B5E0     	 b .L23
 377              	.L49:
 378 0248 0E23     	 movs r3,#14
 379              	.L54:
 380 024a 114A     	 ldr r2,.L119+32
 381 024c 0D4E     	 ldr r6,.L119+20
 382 024e 0024     	 movs r4,#0
 383 0250 1470     	 strb r4,[r2]
 384 0252 3068     	 ldr r0,[r6]
 385 0254 094A     	 ldr r2,.L119+12
 386 0256 1470     	 strb r4,[r2]
 387 0258 20B1     	 cbz r0,.L58
 388 025a 0393     	 str r3,[sp,#12]
 389 025c FFF7FEFF 	 bl free
 390 0260 039B     	 ldr r3,[sp,#12]
 391 0262 3460     	 str r4,[r6]
 392              	.L58:
 393 0264 084A     	 ldr r2,.L119+24
 394 0266 0024     	 movs r4,#0
 395 0268 1460     	 str r4,[r2]
 396 026a 2646     	 mov r6,r4
 397 026c A2E0     	 b .L23
 398              	.L120:
 399 026e 00BF     	 .align 2
 400              	.L119:
 401 0270 00000000 	 .word .LANCHOR1
 402 0274 00000000 	 .word u16SendMbxSize
 403 0278 00000000 	 .word u16ReceiveMbxSize
 404 027c 00000000 	 .word nSdoSegService
 405 0280 00000000 	 .word bSdoSegLastToggle
 406 0284 00000000 	 .word pSdoSegData
 407 0288 00000000 	 .word nSdoSegBytesToHandle
 408 028c 00000000 	 .word nSdoSegCompleteSize
 409 0290 00000000 	 .word bSdoSegFollows
 410              	.L52:
 411 0294 0844     	 add r0,r0,r1
 412 0296 3246     	 mov r2,r6
 413 0298 05F10901 	 add r1,r5,#9
 414 029c 0593     	 str r3,[sp,#20]
 415 029e CDF80CC0 	 str ip,[sp,#12]
 416 02a2 FFF7FEFF 	 bl memcpy
 417 02a6 2478     	 ldrb r4,[r4]
 418 02a8 DDF80CC0 	 ldr ip,[sp,#12]
 419 02ac 059B     	 ldr r3,[sp,#20]
 420 02ae 002C     	 cmp r4,#0
 421 02b0 54D1     	 bne .L69
 422 02b2 DFF83CA3 	 ldr r10,.L121+60
 423 02b6 DFF83CB3 	 ldr fp,.L121+64
 424 02ba DCF80020 	 ldr r2,[ip]
 425 02be DFF82CC3 	 ldr ip,.L121+56
 426 02c2 BAF80000 	 ldrh r0,[r10]
 427 02c6 9BF80010 	 ldrb r1,[fp]
 428 02ca 0092     	 str r2,[sp]
 429 02cc 9CF80020 	 ldrb r2,[ip]
 430 02d0 DFF82493 	 ldr r9,.L121+68
 431 02d4 0192     	 str r2,[sp,#4]
 432 02d6 1A68     	 ldr r2,[r3]
 433 02d8 D9F80030 	 ldr r3,[r9]
 434 02dc CDF80CC0 	 str ip,[sp,#12]
 435 02e0 FFF7FEFF 	 bl OBJ_Write
 436 02e4 FF28     	 cmp r0,#255
 437 02e6 DFF81483 	 ldr r8,.L121+72
 438 02ea 2CD1     	 bne .L53
 439 02ec B14B     	 ldr r3,.L121
 440 02ee DDF80CC0 	 ldr ip,[sp,#12]
 441 02f2 0222     	 movs r2,#2
 442 02f4 1A70     	 strb r2,[r3]
 443 02f6 9CF80030 	 ldrb r3,[ip]
 444 02fa AF4A     	 ldr r2,.L121+4
 445 02fc 0033     	 adds r3,r3,#0
 446 02fe 18BF     	 it ne
 447 0300 0123     	 movne r3,#1
 448 0302 1370     	 strb r3,[r2]
 449 0304 AD4B     	 ldr r3,.L121+8
 450 0306 9BF80020 	 ldrb r2,[fp]
 451 030a 1A70     	 strb r2,[r3]
 452 030c AC4B     	 ldr r3,.L121+12
 453 030e BAF80020 	 ldrh r2,[r10]
 454 0312 1A80     	 strh r2,[r3]
 455 0314 AB4B     	 ldr r3,.L121+16
 456 0316 1A68     	 ldr r2,[r3]
 457 0318 AB4B     	 ldr r3,.L121+20
 458 031a 1A60     	 str r2,[r3]
 459 031c AB4B     	 ldr r3,.L121+24
 460 031e D8F80020 	 ldr r2,[r8]
 461 0322 1A60     	 str r2,[r3]
 462 0324 D9F80030 	 ldr r3,[r9]
 463 0328 1A6A     	 ldr r2,[r3,#32]
 464 032a A94B     	 ldr r3,.L121+28
 465 032c 1A60     	 str r2,[r3]
 466 032e A94B     	 ldr r3,.L121+32
 467 0330 0122     	 movs r2,#1
 468 0332 1A70     	 strb r2,[r3]
 469 0334 A84B     	 ldr r3,.L121+36
 470 0336 1D60     	 str r5,[r3]
 471 0338 A84B     	 ldr r3,.L121+40
 472 033a 1C70     	 strb r4,[r3]
 473 033c A84B     	 ldr r3,.L121+44
 474 033e 1C70     	 strb r4,[r3]
 475 0340 A84B     	 ldr r3,.L121+48
 476 0342 1C60     	 str r4,[r3]
 477 0344 65E1     	 b .L110
 478              	.L53:
 479 0346 0390     	 str r0,[sp,#12]
 480 0348 D8F80000 	 ldr r0,[r8]
 481 034c FFF7FEFF 	 bl free
 482 0350 039B     	 ldr r3,[sp,#12]
 483 0352 C8F80040 	 str r4,[r8]
 484 0356 002B     	 cmp r3,#0
 485 0358 7FF477AF 	 bne .L54
 486              	.L69:
 487 035c 0A23     	 movs r3,#10
 488 035e 2B80     	 strh r3,[r5]
 489 0360 EB88     	 ldrh r3,[r5,#6]
 490 0362 C3F30B03 	 ubfx r3,r3,#0,#12
 491 0366 43F44053 	 orr r3,r3,#12288
 492 036a EB80     	 strh r3,[r5,#6]
 493 036c 9E4B     	 ldr r3,.L121+52
 494 036e 1B78     	 ldrb r3,[r3]
 495 0370 0BB1     	 cbz r3,.L55
 496 0372 3023     	 movs r3,#48
 497 0374 00E0     	 b .L111
 498              	.L55:
 499 0376 2023     	 movs r3,#32
 500              	.L111:
 501 0378 2B72     	 strb r3,[r5,#8]
 502 037a 984B     	 ldr r3,.L121+40
 503 037c 1B78     	 ldrb r3,[r3]
 504 037e 012B     	 cmp r3,#1
 505 0380 984B     	 ldr r3,.L121+48
 506 0382 03D1     	 bne .L57
 507 0384 1A68     	 ldr r2,[r3]
 508 0386 1644     	 add r6,r6,r2
 509 0388 1E60     	 str r6,[r3]
 510 038a 46E7     	 b .L115
 511              	.L57:
 512 038c 0024     	 movs r4,#0
 513 038e 1C60     	 str r4,[r3]
 514 0390 934B     	 ldr r3,.L121+44
 515 0392 1C70     	 strb r4,[r3]
 516 0394 42E7     	 b .L114
 517              	.L84:
 518 0396 0123     	 movs r3,#1
 519 0398 57E7     	 b .L54
 520              	.L85:
 521 039a 0323     	 movs r3,#3
 522 039c 55E7     	 b .L54
 523              	.L73:
 524 039e 0446     	 mov r4,r0
 525 03a0 0646     	 mov r6,r0
 526 03a2 0823     	 movs r3,#8
 527 03a4 06E0     	 b .L23
 528              	.L83:
 529 03a6 0024     	 movs r4,#0
 530 03a8 2646     	 mov r6,r4
 531 03aa 0323     	 movs r3,#3
 532 03ac 02E0     	 b .L23
 533              	.L86:
 534 03ae 0024     	 movs r4,#0
 535 03b0 2646     	 mov r6,r4
 536 03b2 0123     	 movs r3,#1
 537              	.L23:
 538 03b4 1846     	 mov r0,r3
 539 03b6 0096     	 str r6,[sp]
 540 03b8 0195     	 str r5,[sp,#4]
 541 03ba 3946     	 mov r1,r7
 542 03bc 049A     	 ldr r2,[sp,#16]
 543 03be A3B2     	 uxth r3,r4
 544 03c0 FFF7FEFF 	 bl SdoRes
 545              	.L116:
 546 03c4 0024     	 movs r4,#0
 547 03c6 24E1     	 b .L110
 548              	.L76:
 549 03c8 0123     	 movs r3,#1
 550 03ca 4FF0000C 	 mov ip,#0
 551              	.L30:
 552 03ce BBF1000F 	 cmp fp,#0
 553 03d2 03D0     	 beq .L36
 554              	.L70:
 555 03d4 B8F1010F 	 cmp r8,#1
 556 03d8 00F2E980 	 bhi .L87
 557              	.L36:
 558 03dc 002B     	 cmp r3,#0
 559 03de 00F08180 	 beq .L67
 560              	.L66:
 561 03e2 7E4A     	 ldr r2,.L121+40
 562 03e4 0123     	 movs r3,#1
 563 03e6 1370     	 strb r3,[r2]
 564 03e8 7F4A     	 ldr r2,.L121+52
 565 03ea 1370     	 strb r3,[r2]
 566 03ec 7F4B     	 ldr r3,.L121+56
 567 03ee 83F800B0 	 strb fp,[r3]
 568 03f2 7F4B     	 ldr r3,.L121+60
 569 03f4 A3F800A0 	 strh r10,[r3]
 570 03f8 7E4B     	 ldr r3,.L121+64
 571 03fa 83F80080 	 strb r8,[r3]
 572 03fe 7E4B     	 ldr r3,.L121+68
 573 0400 C3F80090 	 str r9,[r3]
 574 0404 6F4B     	 ldr r3,.L121+16
 575 0406 402F     	 cmp r7,#64
 576 0408 14BF     	 ite ne
 577 040a 2246     	 movne r2,r4
 578 040c 3246     	 moveq r2,r6
 579 040e 1A60     	 str r2,[r3]
 580 0410 7A4A     	 ldr r2,.L121+72
 581 0412 0692     	 str r2,[sp,#24]
 582 0414 1068     	 ldr r0,[r2]
 583 0416 18B1     	 cbz r0,.L39
 584 0418 0793     	 str r3,[sp,#28]
 585 041a FFF7FEFF 	 bl free
 586 041e 079B     	 ldr r3,[sp,#28]
 587              	.L39:
 588 0420 1868     	 ldr r0,[r3]
 589 0422 0130     	 adds r0,r0,#1
 590 0424 20F00100 	 bic r0,r0,#1
 591 0428 FFF7FEFF 	 bl malloc
 592 042c 069A     	 ldr r2,[sp,#24]
 593 042e DFF8CCC1 	 ldr ip,.L121+72
 594 0432 1060     	 str r0,[r2]
 595 0434 0346     	 mov r3,r0
 596 0436 28B9     	 cbnz r0,.L40
 597 0438 BBF1000F 	 cmp fp,#0
 598 043c 14BF     	 ite ne
 599 043e 0523     	 movne r3,#5
 600 0440 0423     	 moveq r3,#4
 601 0442 B7E7     	 b .L23
 602              	.L40:
 603 0444 402F     	 cmp r7,#64
 604 0446 3FD1     	 bne .L41
 605 0448 8DE80808 	 stmia sp,{r3,fp}
 606 044c 5046     	 mov r0,r10
 607 044e 4B46     	 mov r3,r9
 608 0450 4146     	 mov r1,r8
 609 0452 3246     	 mov r2,r6
 610 0454 CDF814C0 	 str ip,[sp,#20]
 611 0458 FFF7FEFF 	 bl OBJ_Read
 612 045c DDF814C0 	 ldr ip,[sp,#20]
 613 0460 0346     	 mov r3,r0
 614 0462 60B9     	 cbnz r0,.L42
 615 0464 0390     	 str r0,[sp,#12]
 616 0466 DCF80010 	 ldr r1,[ip]
 617 046a 2246     	 mov r2,r4
 618 046c 05F11000 	 add r0,r5,#16
 619 0470 FFF7FEFF 	 bl memcpy
 620 0474 5A4A     	 ldr r2,.L121+44
 621 0476 039B     	 ldr r3,[sp,#12]
 622 0478 6021     	 movs r1,#96
 623 047a 1170     	 strb r1,[r2]
 624 047c 2FE0     	 b .L43
 625              	.L42:
 626 047e FF28     	 cmp r0,#255
 627 0480 2DD1     	 bne .L43
 628 0482 4C4B     	 ldr r3,.L121
 629 0484 0422     	 movs r2,#4
 630 0486 1A70     	 strb r2,[r3]
 631 0488 4B4B     	 ldr r3,.L121+4
 632 048a DCF80020 	 ldr r2,[ip]
 633 048e 83F800B0 	 strb fp,[r3]
 634 0492 4A4B     	 ldr r3,.L121+8
 635 0494 83F80080 	 strb r8,[r3]
 636 0498 494B     	 ldr r3,.L121+12
 637 049a A3F800A0 	 strh r10,[r3]
 638 049e 4A4B     	 ldr r3,.L121+20
 639 04a0 1E60     	 str r6,[r3]
 640 04a2 4A4B     	 ldr r3,.L121+24
 641 04a4 1A60     	 str r2,[r3]
 642 04a6 4A4B     	 ldr r3,.L121+28
 643 04a8 D9F81C20 	 ldr r2,[r9,#28]
 644 04ac 1A60     	 str r2,[r3]
 645 04ae 494B     	 ldr r3,.L121+32
 646 04b0 0122     	 movs r2,#1
 647 04b2 1A70     	 strb r2,[r3]
 648 04b4 484B     	 ldr r3,.L121+36
 649 04b6 1D60     	 str r5,[r3]
 650 04b8 039B     	 ldr r3,[sp,#12]
 651 04ba 23F00F03 	 bic r3,r3,#15
 652 04be 2B72     	 strb r3,[r5,#8]
 653 04c0 474B     	 ldr r3,.L121+44
 654 04c2 6022     	 movs r2,#96
 655 04c4 1A70     	 strb r2,[r3]
 656 04c6 7DE7     	 b .L116
 657              	.L41:
 658 04c8 059B     	 ldr r3,[sp,#20]
 659 04ca A3F10A04 	 sub r4,r3,#10
 660 04ce 2246     	 mov r2,r4
 661 04d0 05F11001 	 add r1,r5,#16
 662 04d4 FFF7FEFF 	 bl memcpy
 663 04d8 414A     	 ldr r2,.L121+44
 664 04da 0023     	 movs r3,#0
 665 04dc 1370     	 strb r3,[r2]
 666              	.L43:
 667 04de 414A     	 ldr r2,.L121+48
 668 04e0 1460     	 str r4,[r2]
 669 04e2 67E7     	 b .L23
 670              	.L67:
 671 04e4 46B9     	 cbnz r6,.L44
 672 04e6 424B     	 ldr r3,.L121+60
 673 04e8 A3F800A0 	 strh r10,[r3]
 674 04ec 414B     	 ldr r3,.L121+64
 675 04ee 83F80080 	 strb r8,[r3]
 676 04f2 414B     	 ldr r3,.L121+68
 677 04f4 C3F80090 	 str r9,[r3]
 678              	.L44:
 679 04f8 402F     	 cmp r7,#64
 680 04fa CDF800C0 	 str ip,[sp]
 681 04fe CDF814C0 	 str ip,[sp,#20]
 682 0502 CDF804B0 	 str fp,[sp,#4]
 683 0506 5046     	 mov r0,r10
 684 0508 4146     	 mov r1,r8
 685 050a 20D1     	 bne .L45
 686 050c 4B46     	 mov r3,r9
 687 050e 3246     	 mov r2,r6
 688 0510 FFF7FEFF 	 bl OBJ_Read
 689 0514 FF28     	 cmp r0,#255
 690 0516 0346     	 mov r3,r0
 691 0518 DDF814C0 	 ldr ip,[sp,#20]
 692 051c 7FF44AAF 	 bne .L23
 693 0520 244B     	 ldr r3,.L121
 694 0522 0322     	 movs r2,#3
 695 0524 1A70     	 strb r2,[r3]
 696 0526 244B     	 ldr r3,.L121+4
 697 0528 D9F81C20 	 ldr r2,[r9,#28]
 698 052c 83F800B0 	 strb fp,[r3]
 699 0530 224B     	 ldr r3,.L121+8
 700 0532 83F80080 	 strb r8,[r3]
 701 0536 224B     	 ldr r3,.L121+12
 702 0538 A3F800A0 	 strh r10,[r3]
 703 053c 224B     	 ldr r3,.L121+20
 704 053e 1E60     	 str r6,[r3]
 705 0540 224B     	 ldr r3,.L121+24
 706 0542 C3F800C0 	 str ip,[r3]
 707 0546 224B     	 ldr r3,.L121+28
 708 0548 1A60     	 str r2,[r3]
 709 054a 0123     	 movs r3,#1
 710 054c 1EE0     	 b .L118
 711              	.L45:
 712 054e 4B46     	 mov r3,r9
 713 0550 2246     	 mov r2,r4
 714 0552 FFF7FEFF 	 bl OBJ_Write
 715 0556 FF28     	 cmp r0,#255
 716 0558 0346     	 mov r3,r0
 717 055a DDF814C0 	 ldr ip,[sp,#20]
 718 055e 7FF429AF 	 bne .L23
 719 0562 144A     	 ldr r2,.L121
 720 0564 D9F82010 	 ldr r1,[r9,#32]
 721 0568 0123     	 movs r3,#1
 722 056a 1370     	 strb r3,[r2]
 723 056c 124A     	 ldr r2,.L121+4
 724 056e 82F800B0 	 strb fp,[r2]
 725 0572 124A     	 ldr r2,.L121+8
 726 0574 82F80080 	 strb r8,[r2]
 727 0578 114A     	 ldr r2,.L121+12
 728 057a A2F800A0 	 strh r10,[r2]
 729 057e 124A     	 ldr r2,.L121+20
 730 0580 1460     	 str r4,[r2]
 731 0582 124A     	 ldr r2,.L121+24
 732 0584 C2F800C0 	 str ip,[r2]
 733 0588 114A     	 ldr r2,.L121+28
 734 058a 1160     	 str r1,[r2]
 735              	.L118:
 736 058c 069A     	 ldr r2,[sp,#24]
 737 058e 1370     	 strb r3,[r2]
 738 0590 114B     	 ldr r3,.L121+36
 739 0592 1D60     	 str r5,[r3]
 740 0594 039B     	 ldr r3,[sp,#12]
 741 0596 23F00F03 	 bic r3,r3,#15
 742 059a 2B72     	 strb r3,[r5,#8]
 743 059c 12E7     	 b .L116
 744              	.L35:
 745 059e BBF1000F 	 cmp fp,#0
 746 05a2 3FF41EAF 	 beq .L66
 747 05a6 B8F1010F 	 cmp r8,#1
 748 05aa 7FF61AAF 	 bls .L66
 749              	.L87:
 750 05ae 0523     	 movs r3,#5
 751 05b0 00E7     	 b .L23
 752              	.L122:
 753 05b2 00BF     	 .align 2
 754              	.L121:
 755 05b4 00000000 	 .word u8PendingSdo
 756 05b8 00000000 	 .word bStoreCompleteAccess
 757 05bc 00000000 	 .word u8StoreSubindex
 758 05c0 00000000 	 .word u16StoreIndex
 759 05c4 00000000 	 .word nSdoSegCompleteSize
 760 05c8 00000000 	 .word u32StoreDataSize
 761 05cc 00000000 	 .word pStoreData
 762 05d0 00000000 	 .word pSdoPendFunc
 763 05d4 00000000 	 .word .LANCHOR1
 764 05d8 00000000 	 .word pSdoResStored
 765 05dc 00000000 	 .word bSdoSegFollows
 766 05e0 00000000 	 .word nSdoSegService
 767 05e4 00000000 	 .word nSdoSegBytesToHandle
 768 05e8 00000000 	 .word bSdoSegLastToggle
 769 05ec 00000000 	 .word bSdoSegAccess
 770 05f0 00000000 	 .word nSdoSegIndex
 771 05f4 00000000 	 .word nSdoSegSubindex
 772 05f8 00000000 	 .word pSdoSegObjEntry
 773 05fc 00000000 	 .word pSdoSegData
 774              	.L77:
 775 0600 0446     	 mov r4,r0
 776 0602 4FF0000C 	 mov ip,#0
 777              	.L31:
 778 0606 BBF1000F 	 cmp fp,#0
 779 060a 3FF46BAF 	 beq .L67
 780 060e 0023     	 movs r3,#0
 781 0610 E0E6     	 b .L70
 782              	.L110:
 783 0612 2046     	 mov r0,r4
 784 0614 09B0     	 add sp,sp,#36
 785              	 
 786 0616 BDE8F08F 	 pop {r4,r5,r6,r7,r8,r9,r10,fp,pc}
 788 061a 00BF     	 .section .text.SDOS_SdoRes,"ax",%progbits
 789              	 .align 1
 790              	 .global SDOS_SdoRes
 791              	 .thumb
 792              	 .thumb_func
 794              	SDOS_SdoRes:
 795              	 
 796              	 
 797 0000 2DE9F347 	 push {r0,r1,r4,r5,r6,r7,r8,r9,r10,lr}
 798 0004 264E     	 ldr r6,.L135
 799 0006 3378     	 ldrb r3,[r6]
 800 0008 8A46     	 mov r10,r1
 801 000a 8046     	 mov r8,r0
 802 000c 1146     	 mov r1,r2
 803 000e 002B     	 cmp r3,#0
 804 0010 43D0     	 beq .L123
 805 0012 244B     	 ldr r3,.L135+4
 806 0014 D3F80090 	 ldr r9,[r3]
 807 0018 99F80830 	 ldrb r3,[r9,#8]
 808 001c 03F0E007 	 and r7,r3,#224
 809 0020 402F     	 cmp r7,#64
 810 0022 03F01003 	 and r3,r3,#16
 811 0026 DDB2     	 uxtb r5,r3
 812 0028 2AD1     	 bne .L128
 813 002a 1F4B     	 ldr r3,.L135+8
 814 002c 1C88     	 ldrh r4,[r3]
 815 002e 103C     	 subs r4,r4,#16
 816 0030 A4B2     	 uxth r4,r4
 817 0032 5445     	 cmp r4,r10
 818 0034 16D2     	 bcs .L126
 819 0036 1D4A     	 ldr r2,.L135+12
 820 0038 0123     	 movs r3,#1
 821 003a 1370     	 strb r3,[r2]
 822 003c 1C4A     	 ldr r2,.L135+16
 823 003e 1370     	 strb r3,[r2]
 824 0040 1C4B     	 ldr r3,.L135+20
 825 0042 1D70     	 strb r5,[r3]
 826 0044 1C4B     	 ldr r3,.L135+24
 827 0046 C3F800A0 	 str r10,[r3]
 828 004a 1C4B     	 ldr r3,.L135+28
 829 004c 6022     	 movs r2,#96
 830 004e 1A70     	 strb r2,[r3]
 831 0050 1B4B     	 ldr r3,.L135+32
 832 0052 09F11000 	 add r0,r9,#16
 833 0056 2246     	 mov r2,r4
 834 0058 1960     	 str r1,[r3]
 835 005a FFF7FEFF 	 bl memcpy
 836 005e 194B     	 ldr r3,.L135+36
 837 0060 1C60     	 str r4,[r3]
 838 0062 0EE0     	 b .L125
 839              	.L126:
 840 0064 0AF1FF33 	 add r3,r10,#-1
 841 0068 032B     	 cmp r3,#3
 842 006a 94BF     	 ite ls
 843 006c 09F10C00 	 addls r0,r9,#12
 844 0070 09F11000 	 addhi r0,r9,#16
 845 0074 8242     	 cmp r2,r0
 846 0076 04D0     	 beq .L125
 847 0078 5246     	 mov r2,r10
 848 007a FFF7FEFF 	 bl memcpy
 849 007e 00E0     	 b .L125
 850              	.L128:
 851 0080 0024     	 movs r4,#0
 852              	.L125:
 853 0082 0023     	 movs r3,#0
 854 0084 3370     	 strb r3,[r6]
 855 0086 CDF800A0 	 str r10,[sp]
 856 008a CDF80490 	 str r9,[sp,#4]
 857 008e 4046     	 mov r0,r8
 858 0090 3946     	 mov r1,r7
 859 0092 2A46     	 mov r2,r5
 860 0094 2346     	 mov r3,r4
 861 0096 FFF7FEFF 	 bl SdoRes
 862              	.L123:
 863 009a 02B0     	 add sp,sp,#8
 864              	 
 865 009c BDE8F087 	 pop {r4,r5,r6,r7,r8,r9,r10,pc}
 866              	.L136:
 867              	 .align 2
 868              	.L135:
 869 00a0 00000000 	 .word .LANCHOR1
 870 00a4 00000000 	 .word pSdoResStored
 871 00a8 00000000 	 .word u16SendMbxSize
 872 00ac 00000000 	 .word bSdoSegFollows
 873 00b0 00000000 	 .word bSdoSegLastToggle
 874 00b4 00000000 	 .word bSdoSegAccess
 875 00b8 00000000 	 .word nSdoSegCompleteSize
 876 00bc 00000000 	 .word nSdoSegService
 877 00c0 00000000 	 .word pSdoSegData
 878 00c4 00000000 	 .word nSdoSegBytesToHandle
 880              	 .section .text.SDOS_ClearPendingResponse,"ax",%progbits
 881              	 .align 1
 882              	 .global SDOS_ClearPendingResponse
 883              	 .thumb
 884              	 .thumb_func
 886              	SDOS_ClearPendingResponse:
 887              	 
 888              	 
 889 0000 38B5     	 push {r3,r4,r5,lr}
 890 0002 174B     	 ldr r3,.L149
 891 0004 1A78     	 ldrb r2,[r3]
 892 0006 1D46     	 mov r5,r3
 893 0008 72B1     	 cbz r2,.L138
 894 000a 164C     	 ldr r4,.L149+4
 895 000c 2068     	 ldr r0,[r4]
 896 000e 58B1     	 cbz r0,.L138
 897 0010 154B     	 ldr r3,.L149+8
 898 0012 1B68     	 ldr r3,[r3]
 899 0014 9842     	 cmp r0,r3
 900 0016 07D0     	 beq .L138
 901 0018 144B     	 ldr r3,.L149+12
 902 001a 1B68     	 ldr r3,[r3]
 903 001c 9842     	 cmp r0,r3
 904 001e 03D0     	 beq .L138
 905 0020 FFF7FEFF 	 bl free
 906 0024 0023     	 movs r3,#0
 907 0026 2360     	 str r3,[r4]
 908              	.L138:
 909 0028 114B     	 ldr r3,.L149+16
 910 002a 0024     	 movs r4,#0
 911 002c 1C70     	 strb r4,[r3]
 912 002e 114B     	 ldr r3,.L149+20
 913 0030 2C70     	 strb r4,[r5]
 914 0032 1C70     	 strb r4,[r3]
 915 0034 104B     	 ldr r3,.L149+24
 916 0036 114D     	 ldr r5,.L149+28
 917 0038 1C80     	 strh r4,[r3]
 918 003a 114B     	 ldr r3,.L149+32
 919 003c 2868     	 ldr r0,[r5]
 920 003e 1C70     	 strb r4,[r3]
 921 0040 104B     	 ldr r3,.L149+36
 922 0042 1C60     	 str r4,[r3]
 923 0044 104B     	 ldr r3,.L149+40
 924 0046 1C60     	 str r4,[r3]
 925 0048 104B     	 ldr r3,.L149+44
 926 004a 1C60     	 str r4,[r3]
 927 004c 10B1     	 cbz r0,.L139
 928 004e FFF7FEFF 	 bl free
 929 0052 2C60     	 str r4,[r5]
 930              	.L139:
 931 0054 0E4A     	 ldr r2,.L149+48
 932 0056 0023     	 movs r3,#0
 933 0058 1360     	 str r3,[r2]
 934 005a 0E4A     	 ldr r2,.L149+52
 935 005c 1370     	 strb r3,[r2]
 936 005e 38BD     	 pop {r3,r4,r5,pc}
 937              	.L150:
 938              	 .align 2
 939              	.L149:
 940 0060 00000000 	 .word .LANCHOR1
 941 0064 00000000 	 .word pSdoResStored
 942 0068 00000000 	 .word psRepeatMbx
 943 006c 00000000 	 .word psStoreMbx
 944 0070 00000000 	 .word u8PendingSdo
 945 0074 00000000 	 .word bStoreCompleteAccess
 946 0078 00000000 	 .word u16StoreIndex
 947 007c 00000000 	 .word pSdoSegData
 948 0080 00000000 	 .word u8StoreSubindex
 949 0084 00000000 	 .word u32StoreDataSize
 950 0088 00000000 	 .word pStoreData
 951 008c 00000000 	 .word pSdoPendFunc
 952 0090 00000000 	 .word nSdoSegBytesToHandle
 953 0094 00000000 	 .word nSdoSegService
 955              	 .section .text.SDOS_SdoInfoInd,"ax",%progbits
 956              	 .align 1
 957              	 .global SDOS_SdoInfoInd
 958              	 .thumb
 959              	 .thumb_func
 961              	SDOS_SdoInfoInd:
 962              	 
 963              	 
 964 0000 2DE9F043 	 push {r4,r5,r6,r7,r8,r9,lr}
 965 0004 057A     	 ldrb r5,[r0,#8]
 966 0006 85B0     	 sub sp,sp,#20
 967 0008 05F07F05 	 and r5,r5,#127
 968 000c 0023     	 movs r3,#0
 969 000e 052D     	 cmp r5,#5
 970 0010 8DF80D30 	 strb r3,[sp,#13]
 971 0014 0446     	 mov r4,r0
 972 0016 0388     	 ldrh r3,[r0]
 973 0018 03D1     	 bne .L152
 974 001a 092B     	 cmp r3,#9
 975 001c 40F22F81 	 bls .L176
 976 0020 8AE0     	 b .L154
 977              	.L152:
 978 0022 072B     	 cmp r3,#7
 979 0024 40F22B81 	 bls .L176
 980 0028 032D     	 cmp r5,#3
 981 002a 00F08580 	 beq .L154
 982 002e 052D     	 cmp r5,#5
 983 0030 00F08280 	 beq .L154
 984 0034 012D     	 cmp r5,#1
 985 0036 40F00381 	 bne .L197
 986 003a 8389     	 ldrh r3,[r0,#12]
 987 003c 052B     	 cmp r3,#5
 988 003e 00F20281 	 bhi .L199
 989 0042 914D     	 ldr r5,.L201
 990 0044 0246     	 mov r2,r0
 991 0046 00F10807 	 add r7,r0,#8
 992              	.L159:
 993 004a 1068     	 ldr r0,[r2]
 994 004c 5168     	 ldr r1,[r2,#4]
 995 004e 2E46     	 mov r6,r5
 996 0050 03C6     	 stmia r6!,{r0,r1}
 997 0052 0832     	 adds r2,r2,#8
 998 0054 BA42     	 cmp r2,r7
 999 0056 3546     	 mov r5,r6
 1000 0058 F7D1     	 bne .L159
 1001 005a 1068     	 ldr r0,[r2]
 1002 005c 3060     	 str r0,[r6]
 1003 005e 9288     	 ldrh r2,[r2,#4]
 1004 0060 B280     	 strh r2,[r6,#4]
 1005 0062 8A4E     	 ldr r6,.L201+4
 1006 0064 6BB9     	 cbnz r3,.L160
 1007 0066 3380     	 strh r3,[r6]
 1008 0068 04F10C07 	 add r7,r4,#12
 1009 006c 1D46     	 mov r5,r3
 1010              	.L161:
 1011 006e E8B2     	 uxtb r0,r5
 1012 0070 FFF7FEFF 	 bl OBJ_GetNoOfObjects
 1013 0074 0135     	 adds r5,r5,#1
 1014 0076 052D     	 cmp r5,#5
 1015 0078 27F8020F 	 strh r0,[r7,#2]!
 1016 007c F7D1     	 bne .L161
 1017 007e 1220     	 movs r0,#18
 1018 0080 42E0     	 b .L162
 1019              	.L160:
 1020 0082 B6F80090 	 ldrh r9,[r6]
 1021 0086 824F     	 ldr r7,.L201+8
 1022 0088 DFF81482 	 ldr r8,.L201+24
 1023 008c 013B     	 subs r3,r3,#1
 1024 008e 03F0FF05 	 and r5,r3,#255
 1025 0092 B9F1000F 	 cmp r9,#0
 1026 0096 0BD0     	 beq .L163
 1027 0098 3A88     	 ldrh r2,[r7]
 1028 009a B8F80010 	 ldrh r1,[r8]
 1029 009e ADF80E10 	 strh r1,[sp,#14]
 1030 00a2 0C3A     	 subs r2,r2,#12
 1031 00a4 92B2     	 uxth r2,r2
 1032 00a6 04F10C03 	 add r3,r4,#12
 1033 00aa 09F1FF39 	 add r9,r9,#-1
 1034 00ae 19E0     	 b .L165
 1035              	.L163:
 1036 00b0 2846     	 mov r0,r5
 1037 00b2 FFF7FEFF 	 bl OBJ_GetNoOfObjects
 1038 00b6 3988     	 ldrh r1,[r7]
 1039 00b8 A1F10E02 	 sub r2,r1,#14
 1040 00bc 92B2     	 uxth r2,r2
 1041 00be 4000     	 lsls r0,r0,#1
 1042 00c0 4FF48053 	 mov r3,#4096
 1043 00c4 9042     	 cmp r0,r2
 1044 00c6 ADF80E30 	 strh r3,[sp,#14]
 1045 00ca 04F10E03 	 add r3,r4,#14
 1046 00ce 09DD     	 ble .L165
 1047 00d0 0C39     	 subs r1,r1,#12
 1048 00d2 89B2     	 uxth r1,r1
 1049 00d4 01F1FF3E 	 add lr,r1,#-1
 1050 00d8 801A     	 subs r0,r0,r2
 1051 00da 7044     	 add r0,r0,lr
 1052 00dc 90FBF1F1 	 sdiv r1,r0,r1
 1053 00e0 3180     	 strh r1,[r6]
 1054 00e2 01E0     	 b .L164
 1055              	.L165:
 1056 00e4 A6F80090 	 strh r9,[r6]
 1057              	.L164:
 1058 00e8 0DF10D01 	 add r1,sp,#13
 1059 00ec 0091     	 str r1,[sp]
 1060 00ee 2846     	 mov r0,r5
 1061 00f0 0DF10E01 	 add r1,sp,#14
 1062 00f4 FFF7FEFF 	 bl OBJ_GetObjectList
 1063 00f8 BDF80E30 	 ldrh r3,[sp,#14]
 1064 00fc A8F80030 	 strh r3,[r8]
 1065 0100 3B88     	 ldrh r3,[r7]
 1066 0102 063B     	 subs r3,r3,#6
 1067 0104 181A     	 subs r0,r3,r0
 1068 0106 80B2     	 uxth r0,r0
 1069              	.L162:
 1070 0108 9DF80D30 	 ldrb r3,[sp,#13]
 1071 010c 2080     	 strh r0,[r4]
 1072 010e 002B     	 cmp r3,#0
 1073 0110 40F09980 	 bne .L199
 1074 0114 2389     	 ldrh r3,[r4,#8]
 1075 0116 23F07F02 	 bic r2,r3,#127
 1076 011a 42F00202 	 orr r2,r2,#2
 1077 011e 2281     	 strh r2,[r4,#8]
 1078 0120 3288     	 ldrh r2,[r6]
 1079 0122 6281     	 strh r2,[r4,#10]
 1080 0124 002A     	 cmp r2,#0
 1081 0126 00F08E80 	 beq .L199
 1082 012a 23F0FF03 	 bic r3,r3,#255
 1083 012e 43F08203 	 orr r3,r3,#130
 1084 0132 2381     	 strh r3,[r4,#8]
 1085 0134 8221     	 movs r1,#130
 1086 0136 87E0     	 b .L158
 1087              	.L154:
 1088 0138 A089     	 ldrh r0,[r4,#12]
 1089 013a ADF80E00 	 strh r0,[sp,#14]
 1090 013e B0F5805F 	 cmp r0,#4096
 1091 0142 01D2     	 bcs .L167
 1092 0144 0523     	 movs r3,#5
 1093 0146 7CE0     	 b .L200
 1094              	.L167:
 1095 0148 FFF7FEFF 	 bl OBJ_GetObjectHandle
 1096 014c 0646     	 mov r6,r0
 1097 014e 0028     	 cmp r0,#0
 1098 0150 74D0     	 beq .L168
 1099 0152 032D     	 cmp r5,#3
 1100 0154 1CD1     	 bne .L169
 1101 0156 FFF7FEFF 	 bl OBJ_GetObjDesc
 1102 015a 0021     	 movs r1,#0
 1103 015c 0368     	 ldr r3,[r0]
 1104 015e C4F80E30 	 str r3,[r4,#14]
 1105 0162 BDF80E00 	 ldrh r0,[sp,#14]
 1106 0166 0B46     	 mov r3,r1
 1107 0168 3246     	 mov r2,r6
 1108 016a FFF7FEFF 	 bl OBJ_GetDesc
 1109 016e 484B     	 ldr r3,.L201+8
 1110 0170 1B88     	 ldrh r3,[r3]
 1111 0172 0C30     	 adds r0,r0,#12
 1112 0174 053B     	 subs r3,r3,#5
 1113 0176 80B2     	 uxth r0,r0
 1114 0178 8342     	 cmp r3,r0
 1115 017a 50DD     	 ble .L177
 1116 017c BDF80E00 	 ldrh r0,[sp,#14]
 1117 0180 0021     	 movs r1,#0
 1118 0182 3246     	 mov r2,r6
 1119 0184 04F11203 	 add r3,r4,#18
 1120 0188 FFF7FEFF 	 bl OBJ_GetDesc
 1121 018c 0C30     	 adds r0,r0,#12
 1122 018e 3FE0     	 b .L198
 1123              	.L169:
 1124 0190 A77B     	 ldrb r7,[r4,#14]
 1125 0192 FFF7FEFF 	 bl OBJ_GetObjDesc
 1126 0196 8378     	 ldrb r3,[r0,#2]
 1127 0198 9F42     	 cmp r7,r3
 1128 019a 3BD8     	 bhi .L171
 1129 019c 3946     	 mov r1,r7
 1130 019e 3046     	 mov r0,r6
 1131 01a0 FFF7FEFF 	 bl OBJ_GetEntryDesc
 1132 01a4 0368     	 ldr r3,[r0]
 1133 01a6 2361     	 str r3,[r4,#16]
 1134 01a8 8388     	 ldrh r3,[r0,#4]
 1135 01aa A382     	 strh r3,[r4,#20]
 1136 01ac A37B     	 ldrb r3,[r4,#14]
 1137 01ae E381     	 strh r3,[r4,#14]
 1138 01b0 3046     	 mov r0,r6
 1139 01b2 FFF7FEFF 	 bl OBJ_GetObjDesc
 1140 01b6 4388     	 ldrh r3,[r0,#2]
 1141 01b8 C3F30323 	 ubfx r3,r3,#8,#4
 1142 01bc 083B     	 subs r3,r3,#8
 1143 01be 012B     	 cmp r3,#1
 1144 01c0 0FD8     	 bhi .L172
 1145 01c2 77B9     	 cbnz r7,.L172
 1146 01c4 334B     	 ldr r3,.L201+12
 1147 01c6 04F11602 	 add r2,r4,#22
 1148 01ca 03F10C01 	 add r1,r3,#12
 1149              	.L173:
 1150 01ce 53F8040B 	 ldr r0,[r3],#4
 1151 01d2 42F8040B 	 str r0,[r2],#4
 1152 01d6 8B42     	 cmp r3,r1
 1153 01d8 F9D1     	 bne .L173
 1154 01da 1B78     	 ldrb r3,[r3]
 1155 01dc 1370     	 strb r3,[r2]
 1156 01de 1C20     	 movs r0,#28
 1157 01e0 20E0     	 b .L170
 1158              	.L172:
 1159 01e2 0023     	 movs r3,#0
 1160 01e4 BDF80E00 	 ldrh r0,[sp,#14]
 1161 01e8 3946     	 mov r1,r7
 1162 01ea 3246     	 mov r2,r6
 1163 01ec FFF7FEFF 	 bl OBJ_GetDesc
 1164 01f0 274B     	 ldr r3,.L201+8
 1165 01f2 1B88     	 ldrh r3,[r3]
 1166 01f4 1030     	 adds r0,r0,#16
 1167 01f6 053B     	 subs r3,r3,#5
 1168 01f8 80B2     	 uxth r0,r0
 1169 01fa 8342     	 cmp r3,r0
 1170 01fc 11DD     	 ble .L178
 1171 01fe BDF80E00 	 ldrh r0,[sp,#14]
 1172 0202 3946     	 mov r1,r7
 1173 0204 3246     	 mov r2,r6
 1174 0206 04F11603 	 add r3,r4,#22
 1175 020a FFF7FEFF 	 bl OBJ_GetDesc
 1176 020e 1030     	 adds r0,r0,#16
 1177              	.L198:
 1178 0210 80B2     	 uxth r0,r0
 1179 0212 07E0     	 b .L170
 1180              	.L171:
 1181 0214 1123     	 movs r3,#17
 1182 0216 8DF80D30 	 strb r3,[sp,#13]
 1183 021a 0020     	 movs r0,#0
 1184 021c 02E0     	 b .L170
 1185              	.L177:
 1186 021e 0C20     	 movs r0,#12
 1187 0220 00E0     	 b .L170
 1188              	.L178:
 1189 0222 1020     	 movs r0,#16
 1190              	.L170:
 1191 0224 9DF80D30 	 ldrb r3,[sp,#13]
 1192 0228 6BB9     	 cbnz r3,.L199
 1193 022a 6381     	 strh r3,[r4,#10]
 1194 022c 2389     	 ldrh r3,[r4,#8]
 1195 022e 2080     	 strh r0,[r4]
 1196 0230 0135     	 adds r5,r5,#1
 1197 0232 23F07F03 	 bic r3,r3,#127
 1198 0236 1D43     	 orrs r5,r5,r3
 1199 0238 2581     	 strh r5,[r4,#8]
 1200 023a 04E0     	 b .L199
 1201              	.L168:
 1202 023c 0823     	 movs r3,#8
 1203 023e 00E0     	 b .L200
 1204              	.L197:
 1205 0240 0323     	 movs r3,#3
 1206              	.L200:
 1207 0242 8DF80D30 	 strb r3,[sp,#13]
 1208              	.L199:
 1209 0246 0221     	 movs r1,#2
 1210              	.L158:
 1211 0248 9DF80D20 	 ldrb r2,[sp,#13]
 1212 024c 7AB1     	 cbz r2,.L174
 1213 024e 0A23     	 movs r3,#10
 1214 0250 2380     	 strh r3,[r4]
 1215 0252 1148     	 ldr r0,.L201+16
 1216 0254 2389     	 ldrh r3,[r4,#8]
 1217 0256 50F82220 	 ldr r2,[r0,r2,lsl#2]
 1218 025a E260     	 str r2,[r4,#12]
 1219 025c 23F07F03 	 bic r3,r3,#127
 1220 0260 43F00703 	 orr r3,r3,#7
 1221 0264 094A     	 ldr r2,.L201+4
 1222 0266 2381     	 strh r3,[r4,#8]
 1223 0268 0023     	 movs r3,#0
 1224 026a 6381     	 strh r3,[r4,#10]
 1225 026c 1380     	 strh r3,[r2]
 1226              	.L174:
 1227 026e 2046     	 mov r0,r4
 1228 0270 FFF7FEFF 	 bl MBX_MailboxSendReq
 1229 0274 20B1     	 cbz r0,.L153
 1230 0276 094B     	 ldr r3,.L201+20
 1231 0278 0020     	 movs r0,#0
 1232 027a 1C60     	 str r4,[r3]
 1233 027c 00E0     	 b .L153
 1234              	.L176:
 1235 027e 0620     	 movs r0,#6
 1236              	.L153:
 1237 0280 05B0     	 add sp,sp,#20
 1238              	 
 1239 0282 BDE8F083 	 pop {r4,r5,r6,r7,r8,r9,pc}
 1240              	.L202:
 1241 0286 00BF     	 .align 2
 1242              	.L201:
 1243 0288 00000000 	 .word aSdoInfoHeader
 1244 028c 00000000 	 .word nSdoInfoFragmentsLeft
 1245 0290 00000000 	 .word u16SendMbxSize
 1246 0294 00000000 	 .word aSubindexDesc
 1247 0298 00000000 	 .word .LANCHOR0
 1248 029c 00000000 	 .word pCoeSendStored
 1249 02a0 00000000 	 .word nSdoInfoIndex
 1251              	 .comm pSdoSegObjEntry,4,4
 1252              	 .comm nSdoSegCompleteSize,4,4
 1253              	 .comm bSdoSegLastToggle,1,1
 1254              	 .comm nSdoSegBytesToHandle,4,4
 1255              	 .comm nSdoSegSubindex,1,1
 1256              	 .comm nSdoSegIndex,2,2
 1257              	 .comm bSdoSegAccess,1,1
 1258              	 .comm bSdoSegFollows,1,1
 1259              	 .comm nSdoSegService,1,1
 1260              	 .global bSdoInWork
 1261              	 .comm pSdoResStored,4,4
 1262              	 .comm pSdoInfoObjEntry,4,4
 1263              	 .comm nSdoInfoIndex,2,2
 1264              	 .global cAbortCode
 1265              	 .comm nSdoInfoFragmentsLeft,2,2
 1266              	 .comm pSdoSegData,4,4
 1267              	 .comm aSdoInfoHeader,16,4
 1268              	 .comm pSdoPendFunc,4,4
 1269              	 .comm pStoreData,4,4
 1270              	 .comm u32StoreDataSize,4,4
 1271              	 .comm u16StoreIndex,2,2
 1272              	 .comm u8StoreSubindex,1,1
 1273              	 .comm bStoreCompleteAccess,1,1
 1274              	 .comm u8PendingSdo,1,1
 1275              	 .section .bss.bSdoInWork,"aw",%nobits
 1276              	 .set .LANCHOR1,.+0
 1279              	bSdoInWork:
 1280 0000 00       	 .space 1
 1281              	 .section .rodata.cAbortCode,"a",%progbits
 1282              	 .align 2
 1283              	 .set .LANCHOR0,.+0
 1286              	cAbortCode:
 1287 0000 00000000 	 .word 0
 1288 0004 00000305 	 .word 84082688
 1289 0008 00000405 	 .word 84148224
 1290 000c 01000405 	 .word 84148225
 1291 0010 05000405 	 .word 84148229
 1292 0014 00000106 	 .word 100728832
 1293 0018 01000106 	 .word 100728833
 1294 001c 02000106 	 .word 100728834
 1295 0020 00000206 	 .word 100794368
 1296 0024 41000406 	 .word 100925505
 1297 0028 42000406 	 .word 100925506
 1298 002c 43000406 	 .word 100925507
 1299 0030 47000406 	 .word 100925511
 1300 0034 00000606 	 .word 101056512
 1301 0038 10000706 	 .word 101122064
 1302 003c 12000706 	 .word 101122066
 1303 0040 13000706 	 .word 101122067
 1304 0044 11000906 	 .word 101253137
 1305 0048 30000906 	 .word 101253168
 1306 004c 31000906 	 .word 101253169
 1307 0050 32000906 	 .word 101253170
 1308 0054 33000906 	 .word 101253171
 1309 0058 36000906 	 .word 101253174
 1310 005c 00000008 	 .word 134217728
 1311 0060 20000008 	 .word 134217760
 1312 0064 21000008 	 .word 134217761
 1313 0068 22000008 	 .word 134217762
 1314 006c 23000008 	 .word 134217763
 1315 0070 03000106 	 .word 100728835
 1316 0074 04000106 	 .word 100728836
 1317              	 .ident "GCC: (GNU Tools for ARM Embedded Processors) 4.9.3 20141119 (release) [ARM/embedded-4_9-branch revision 218278]"
DEFINED SYMBOLS
                            *ABS*:00000000 sdoserv.c
    {standard input}:17     .text.SdoRes:00000000 $t
    {standard input}:22     .text.SdoRes:00000000 SdoRes
    {standard input}:113    .text.SdoRes:000000bc $d
    {standard input}:117    .text.SDOS_SdoInd:00000000 $t
    {standard input}:122    .text.SDOS_SdoInd:00000000 SDOS_SdoInd
    {standard input}:401    .text.SDOS_SdoInd:00000270 $d
                            *COM*:00000001 nSdoSegService
                            *COM*:00000001 bSdoSegLastToggle
                            *COM*:00000004 pSdoSegData
                            *COM*:00000004 nSdoSegBytesToHandle
                            *COM*:00000004 nSdoSegCompleteSize
                            *COM*:00000001 bSdoSegFollows
    {standard input}:411    .text.SDOS_SdoInd:00000294 $t
    {standard input}:755    .text.SDOS_SdoInd:000005b4 $d
                            *COM*:00000001 u8PendingSdo
                            *COM*:00000001 bStoreCompleteAccess
                            *COM*:00000001 u8StoreSubindex
                            *COM*:00000002 u16StoreIndex
                            *COM*:00000004 u32StoreDataSize
                            *COM*:00000004 pStoreData
                            *COM*:00000004 pSdoPendFunc
                            *COM*:00000004 pSdoResStored
                            *COM*:00000001 bSdoSegAccess
                            *COM*:00000002 nSdoSegIndex
                            *COM*:00000001 nSdoSegSubindex
                            *COM*:00000004 pSdoSegObjEntry
    {standard input}:775    .text.SDOS_SdoInd:00000600 $t
    {standard input}:789    .text.SDOS_SdoRes:00000000 $t
    {standard input}:794    .text.SDOS_SdoRes:00000000 SDOS_SdoRes
    {standard input}:869    .text.SDOS_SdoRes:000000a0 $d
    {standard input}:881    .text.SDOS_ClearPendingResponse:00000000 $t
    {standard input}:886    .text.SDOS_ClearPendingResponse:00000000 SDOS_ClearPendingResponse
    {standard input}:940    .text.SDOS_ClearPendingResponse:00000060 $d
    {standard input}:956    .text.SDOS_SdoInfoInd:00000000 $t
    {standard input}:961    .text.SDOS_SdoInfoInd:00000000 SDOS_SdoInfoInd
    {standard input}:1243   .text.SDOS_SdoInfoInd:00000288 $d
                            *COM*:00000010 aSdoInfoHeader
                            *COM*:00000002 nSdoInfoFragmentsLeft
                            *COM*:00000002 nSdoInfoIndex
    {standard input}:1279   .bss.bSdoInWork:00000000 bSdoInWork
                            *COM*:00000004 pSdoInfoObjEntry
    {standard input}:1286   .rodata.cAbortCode:00000000 cAbortCode
    {standard input}:1280   .bss.bSdoInWork:00000000 $d
    {standard input}:1282   .rodata.cAbortCode:00000000 $d

UNDEFINED SYMBOLS
MBX_MailboxSendReq
pCoeSendStored
OBJ_GetObjectHandle
OBJ_GetObjectLength
memcpy
free
u16SendMbxSize
u16ReceiveMbxSize
OBJ_Write
malloc
OBJ_Read
psRepeatMbx
psStoreMbx
OBJ_GetNoOfObjects
OBJ_GetObjectList
OBJ_GetObjDesc
OBJ_GetDesc
OBJ_GetEntryDesc
aSubindexDesc
