   1              	 .syntax unified
   2              	 .cpu cortex-m4
   3              	 .eabi_attribute 27,3
   4              	 .fpu fpv4-sp-d16
   5              	 .eabi_attribute 20,1
   6              	 .eabi_attribute 21,1
   7              	 .eabi_attribute 23,3
   8              	 .eabi_attribute 24,1
   9              	 .eabi_attribute 25,1
  10              	 .eabi_attribute 26,1
  11              	 .eabi_attribute 30,4
  12              	 .eabi_attribute 34,1
  13              	 .eabi_attribute 18,4
  14              	 .thumb
  15              	 .file "DAVE.c"
  16              	 .section .text.DAVE_Init,"ax",%progbits
  17              	 .align 1
  18              	 .global DAVE_Init
  19              	 .thumb
  20              	 .thumb_func
  22              	DAVE_Init:
  23              	 
  24              	 
  25 0000 08B5     	 push {r3,lr}
  26 0002 1748     	 ldr r0,.L12
  27 0004 FFF7FEFF 	 bl CLOCK_XMC4_Init
  28 0008 40BB     	 cbnz r0,.L10
  29 000a 1648     	 ldr r0,.L12+4
  30 000c FFF7FEFF 	 bl ECAT_SSC_Init
  31 0010 20BB     	 cbnz r0,.L10
  32 0012 1548     	 ldr r0,.L12+8
  33 0014 FFF7FEFF 	 bl INTERRUPT_Init
  34 0018 00BB     	 cbnz r0,.L10
  35 001a 1448     	 ldr r0,.L12+12
  36 001c FFF7FEFF 	 bl INTERRUPT_Init
  37 0020 E0B9     	 cbnz r0,.L10
  38 0022 1348     	 ldr r0,.L12+16
  39 0024 FFF7FEFF 	 bl EVENT_DETECTOR_Init
  40 0028 C0B9     	 cbnz r0,.L10
  41 002a 1248     	 ldr r0,.L12+20
  42 002c FFF7FEFF 	 bl PWM_CCU8_Init
  43 0030 A0B9     	 cbnz r0,.L10
  44 0032 1148     	 ldr r0,.L12+24
  45 0034 FFF7FEFF 	 bl EVENT_GENERATOR_Init
  46 0038 80B9     	 cbnz r0,.L10
  47 003a 1048     	 ldr r0,.L12+28
  48 003c FFF7FEFF 	 bl EVENT_GENERATOR_Init
  49 0040 60B9     	 cbnz r0,.L10
  50 0042 0F48     	 ldr r0,.L12+32
  51 0044 FFF7FEFF 	 bl EVENT_DETECTOR_Init
  52 0048 40B9     	 cbnz r0,.L10
  53 004a 0E48     	 ldr r0,.L12+36
  54 004c FFF7FEFF 	 bl SYSTIMER_Init
  55 0050 20B9     	 cbnz r0,.L10
  56 0052 0D48     	 ldr r0,.L12+40
  57 0054 BDE80840 	 pop {r3,lr}
  58 0058 FFF7FEBF 	 b DIGITAL_IO_Init
  59              	.L10:
  60 005c 08BD     	 pop {r3,pc}
  61              	.L13:
  62 005e 00BF     	 .align 2
  63              	.L12:
  64 0060 00000000 	 .word CLOCK_XMC4_0
  65 0064 00000000 	 .word ECAT_SSC_0
  66 0068 00000000 	 .word INT_SYNC1
  67 006c 00000000 	 .word INT_SYNC0
  68 0070 00000000 	 .word ED_SYNC1
  69 0074 00000000 	 .word PWM_CCU8_0
  70 0078 00000000 	 .word EG_SYNC1
  71 007c 00000000 	 .word EG_SYNC0
  72 0080 00000000 	 .word ED_SYNC0
  73 0084 00000000 	 .word SYSTIMER_0
  74 0088 00000000 	 .word DIGITAL_IO_0
  76              	 .ident "GCC: (GNU Tools for ARM Embedded Processors) 4.9.3 20141119 (release) [ARM/embedded-4_9-branch revision 218278]"
DEFINED SYMBOLS
                            *ABS*:00000000 DAVE.c
    {standard input}:17     .text.DAVE_Init:00000000 $t
    {standard input}:22     .text.DAVE_Init:00000000 DAVE_Init
    {standard input}:64     .text.DAVE_Init:00000060 $d

UNDEFINED SYMBOLS
CLOCK_XMC4_Init
ECAT_SSC_Init
INTERRUPT_Init
EVENT_DETECTOR_Init
PWM_CCU8_Init
EVENT_GENERATOR_Init
SYSTIMER_Init
DIGITAL_IO_Init
CLOCK_XMC4_0
ECAT_SSC_0
INT_SYNC1
INT_SYNC0
ED_SYNC1
PWM_CCU8_0
EG_SYNC1
EG_SYNC0
ED_SYNC0
SYSTIMER_0
DIGITAL_IO_0
