   1              	 .syntax unified
   2              	 .cpu cortex-m4
   3              	 .eabi_attribute 27,3
   4              	 .fpu fpv4-sp-d16
   5              	 .eabi_attribute 20,1
   6              	 .eabi_attribute 21,1
   7              	 .eabi_attribute 23,3
   8              	 .eabi_attribute 24,1
   9              	 .eabi_attribute 25,1
  10              	 .eabi_attribute 26,1
  11              	 .eabi_attribute 30,4
  12              	 .eabi_attribute 34,1
  13              	 .eabi_attribute 18,4
  14              	 .thumb
  15              	 .file "ecat_ssc_conf.c"
  16              	 .global ECAT_SSC_0
  17              	 .section .rodata.ECAT_SSC_0,"a",%progbits
  18              	 .align 2
  21              	ECAT_SSC_0:
  22 0000 00000000 	 .word E_EEPROM_XMC4_0
  23 0004 00000000 	 .word TIMER_0
  24 0008 00000000 	 .word INTERRUPT_0
  25              	 .ident "GCC: (GNU Tools for ARM Embedded Processors) 4.9.3 20141119 (release) [ARM/embedded-4_9-branch revision 218278]"
DEFINED SYMBOLS
                            *ABS*:00000000 ecat_ssc_conf.c
    {standard input}:21     .rodata.ECAT_SSC_0:00000000 ECAT_SSC_0
    {standard input}:18     .rodata.ECAT_SSC_0:00000000 $d

UNDEFINED SYMBOLS
E_EEPROM_XMC4_0
TIMER_0
INTERRUPT_0
