   1              	 .syntax unified
   2              	 .cpu cortex-m4
   3              	 .eabi_attribute 27,3
   4              	 .fpu fpv4-sp-d16
   5              	 .eabi_attribute 20,1
   6              	 .eabi_attribute 21,1
   7              	 .eabi_attribute 23,3
   8              	 .eabi_attribute 24,1
   9              	 .eabi_attribute 25,1
  10              	 .eabi_attribute 26,1
  11              	 .eabi_attribute 30,4
  12              	 .eabi_attribute 34,1
  13              	 .eabi_attribute 18,4
  14              	 .thumb
  15              	 .file "xmc_ecat.c"
  16              	 .section .text.XMC_ECAT_Enable,"ax",%progbits
  17              	 .align 1
  18              	 .global XMC_ECAT_Enable
  19              	 .thumb
  20              	 .thumb_func
  22              	XMC_ECAT_Enable:
  23              	 
  24              	 
  25 0000 0648     	 ldr r0,.L5
  26 0002 08B5     	 push {r3,lr}
  27 0004 FFF7FEFF 	 bl XMC_SCU_CLOCK_UngatePeripheralClock
  28 0008 0448     	 ldr r0,.L5
  29 000a FFF7FEFF 	 bl XMC_SCU_RESET_DeassertPeripheralReset
  30              	.L2:
  31 000e 0348     	 ldr r0,.L5
  32 0010 FFF7FEFF 	 bl XMC_SCU_RESET_IsPeripheralResetAsserted
  33 0014 0028     	 cmp r0,#0
  34 0016 FAD1     	 bne .L2
  35 0018 08BD     	 pop {r3,pc}
  36              	.L6:
  37 001a 00BF     	 .align 2
  38              	.L5:
  39 001c 00040020 	 .word 536871936
  41              	 .section .text.XMC_ECAT_Disable,"ax",%progbits
  42              	 .align 1
  43              	 .global XMC_ECAT_Disable
  44              	 .thumb
  45              	 .thumb_func
  47              	XMC_ECAT_Disable:
  48              	 
  49              	 
  50 0000 08B5     	 push {r3,lr}
  51 0002 0648     	 ldr r0,.L11
  52 0004 FFF7FEFF 	 bl XMC_SCU_RESET_AssertPeripheralReset
  53              	.L8:
  54 0008 0448     	 ldr r0,.L11
  55 000a FFF7FEFF 	 bl XMC_SCU_RESET_IsPeripheralResetAsserted
  56 000e 0028     	 cmp r0,#0
  57 0010 FAD0     	 beq .L8
  58 0012 0248     	 ldr r0,.L11
  59 0014 BDE80840 	 pop {r3,lr}
  60 0018 FFF7FEBF 	 b XMC_SCU_CLOCK_GatePeripheralClock
  61              	.L12:
  62              	 .align 2
  63              	.L11:
  64 001c 00040020 	 .word 536871936
  66              	 .section .text.XMC_ECAT_Init,"ax",%progbits
  67              	 .align 1
  68              	 .global XMC_ECAT_Init
  69              	 .thumb
  70              	 .thumb_func
  72              	XMC_ECAT_Init:
  73              	 
  74              	 
  75 0000 10B5     	 push {r4,lr}
  76 0002 0446     	 mov r4,r0
  77 0004 FFF7FEFF 	 bl XMC_ECAT_Enable
  78 0008 0F4B     	 ldr r3,.L16
  79 000a 2268     	 ldr r2,[r4]
  80 000c C3F80825 	 str r2,[r3,#1288]
  81 0010 6268     	 ldr r2,[r4,#4]
  82 0012 C3F80C25 	 str r2,[r3,#1292]
  83 0016 B3F80225 	 ldrh r2,[r3,#1282]
  84 001a 92B2     	 uxth r2,r2
  85 001c 42F48062 	 orr r2,r2,#1024
  86 0020 A3F80225 	 strh r2,[r3,#1282]
  87 0024 A268     	 ldr r2,[r4,#8]
  88 0026 C3F80825 	 str r2,[r3,#1288]
  89 002a E268     	 ldr r2,[r4,#12]
  90 002c C3F80C25 	 str r2,[r3,#1292]
  91 0030 B3F80225 	 ldrh r2,[r3,#1282]
  92 0034 92B2     	 uxth r2,r2
  93 0036 42F48062 	 orr r2,r2,#1024
  94 003a A3F80225 	 strh r2,[r3,#1282]
  95              	.L14:
  96 003e B3F80225 	 ldrh r2,[r3,#1282]
  97 0042 D204     	 lsls r2,r2,#19
  98 0044 FBD4     	 bmi .L14
  99 0046 10BD     	 pop {r4,pc}
 100              	.L17:
 101              	 .align 2
 102              	.L16:
 103 0048 00000154 	 .word 1409351680
 105              	 .section .text.XMC_ECAT_EnableEvent,"ax",%progbits
 106              	 .align 1
 107              	 .global XMC_ECAT_EnableEvent
 108              	 .thumb
 109              	 .thumb_func
 111              	XMC_ECAT_EnableEvent:
 112              	 
 113              	 
 114              	 
 115 0000 034A     	 ldr r2,.L19
 116 0002 D2F80432 	 ldr r3,[r2,#516]
 117 0006 1843     	 orrs r0,r0,r3
 118 0008 C2F80402 	 str r0,[r2,#516]
 119 000c 7047     	 bx lr
 120              	.L20:
 121 000e 00BF     	 .align 2
 122              	.L19:
 123 0010 00000154 	 .word 1409351680
 125              	 .section .text.XMC_ECAT_DisableEvent,"ax",%progbits
 126              	 .align 1
 127              	 .global XMC_ECAT_DisableEvent
 128              	 .thumb
 129              	 .thumb_func
 131              	XMC_ECAT_DisableEvent:
 132              	 
 133              	 
 134              	 
 135 0000 034A     	 ldr r2,.L22
 136 0002 D2F80432 	 ldr r3,[r2,#516]
 137 0006 23EA0000 	 bic r0,r3,r0
 138 000a C2F80402 	 str r0,[r2,#516]
 139 000e 7047     	 bx lr
 140              	.L23:
 141              	 .align 2
 142              	.L22:
 143 0010 00000154 	 .word 1409351680
 145              	 .section .text.XMC_ECAT_GetEventStatus,"ax",%progbits
 146              	 .align 1
 147              	 .global XMC_ECAT_GetEventStatus
 148              	 .thumb
 149              	 .thumb_func
 151              	XMC_ECAT_GetEventStatus:
 152              	 
 153              	 
 154              	 
 155 0000 014B     	 ldr r3,.L25
 156 0002 D3F82002 	 ldr r0,[r3,#544]
 157 0006 7047     	 bx lr
 158              	.L26:
 159              	 .align 2
 160              	.L25:
 161 0008 00000154 	 .word 1409351680
 163              	 .section .text.XMC_ECAT_DisableSyncManChannel,"ax",%progbits
 164              	 .align 1
 165              	 .global XMC_ECAT_DisableSyncManChannel
 166              	 .thumb
 167              	 .thumb_func
 169              	XMC_ECAT_DisableSyncManChannel:
 170              	 
 171              	 
 172              	 
 173 0000 C000     	 lsls r0,r0,#3
 174 0002 00F1A840 	 add r0,r0,#1409286144
 175 0006 00F58430 	 add r0,r0,#67584
 176 000a C379     	 ldrb r3,[r0,#7]
 177 000c 43F00103 	 orr r3,r3,#1
 178 0010 C371     	 strb r3,[r0,#7]
 179 0012 7047     	 bx lr
 181              	 .section .text.XMC_ECAT_EnableSyncManChannel,"ax",%progbits
 182              	 .align 1
 183              	 .global XMC_ECAT_EnableSyncManChannel
 184              	 .thumb
 185              	 .thumb_func
 187              	XMC_ECAT_EnableSyncManChannel:
 188              	 
 189              	 
 190              	 
 191 0000 C000     	 lsls r0,r0,#3
 192 0002 00F1A840 	 add r0,r0,#1409286144
 193 0006 00F58430 	 add r0,r0,#67584
 194 000a C379     	 ldrb r3,[r0,#7]
 195 000c 03F0FE03 	 and r3,r3,#254
 196 0010 C371     	 strb r3,[r0,#7]
 197 0012 7047     	 bx lr
 199              	 .section .text.XMC_ECAT_ReadPhy,"ax",%progbits
 200              	 .align 1
 201              	 .global XMC_ECAT_ReadPhy
 202              	 .thumb
 203              	 .thumb_func
 205              	XMC_ECAT_ReadPhy:
 206              	 
 207              	 
 208 0000 10B5     	 push {r4,lr}
 209 0002 174B     	 ldr r3,.L37
 210 0004 93F81645 	 ldrb r4,[r3,#1302]
 211 0008 3CBB     	 cbnz r4,.L35
 212 000a 93F81745 	 ldrb r4,[r3,#1303]
 213 000e A407     	 lsls r4,r4,#30
 214 0010 23D4     	 bmi .L35
 215 0012 0124     	 movs r4,#1
 216 0014 83F81745 	 strb r4,[r3,#1303]
 217 0018 83F81205 	 strb r0,[r3,#1298]
 218 001c 83F81315 	 strb r1,[r3,#1299]
 219 0020 4FF48071 	 mov r1,#256
 220 0024 A3F81015 	 strh r1,[r3,#1296]
 221              	.L31:
 222 0028 0D4B     	 ldr r3,.L37
 223 002a B3F81015 	 ldrh r1,[r3,#1296]
 224 002e 09B2     	 sxth r1,r1
 225 0030 0029     	 cmp r1,#0
 226 0032 F9DB     	 blt .L31
 227 0034 B3F81005 	 ldrh r0,[r3,#1296]
 228 0038 00F48040 	 and r0,r0,#16384
 229 003c 80B2     	 uxth r0,r0
 230 003e 20B1     	 cbz r0,.L32
 231 0040 0022     	 movs r2,#0
 232 0042 A3F81025 	 strh r2,[r3,#1296]
 233 0046 0220     	 movs r0,#2
 234 0048 02E0     	 b .L33
 235              	.L32:
 236 004a B3F81435 	 ldrh r3,[r3,#1300]
 237 004e 1380     	 strh r3,[r2]
 238              	.L33:
 239 0050 034B     	 ldr r3,.L37
 240 0052 0022     	 movs r2,#0
 241 0054 83F81725 	 strb r2,[r3,#1303]
 242 0058 10BD     	 pop {r4,pc}
 243              	.L35:
 244 005a 0220     	 movs r0,#2
 245 005c 10BD     	 pop {r4,pc}
 246              	.L38:
 247 005e 00BF     	 .align 2
 248              	.L37:
 249 0060 00000154 	 .word 1409351680
 251              	 .section .text.XMC_ECAT_WritePhy,"ax",%progbits
 252              	 .align 1
 253              	 .global XMC_ECAT_WritePhy
 254              	 .thumb
 255              	 .thumb_func
 257              	XMC_ECAT_WritePhy:
 258              	 
 259              	 
 260 0000 10B5     	 push {r4,lr}
 261 0002 154B     	 ldr r3,.L47
 262 0004 93F81645 	 ldrb r4,[r3,#1302]
 263 0008 24BB     	 cbnz r4,.L44
 264 000a 93F81745 	 ldrb r4,[r3,#1303]
 265 000e A407     	 lsls r4,r4,#30
 266 0010 20D4     	 bmi .L44
 267 0012 0124     	 movs r4,#1
 268 0014 83F81745 	 strb r4,[r3,#1303]
 269 0018 83F81205 	 strb r0,[r3,#1298]
 270 001c 83F81315 	 strb r1,[r3,#1299]
 271 0020 A3F81425 	 strh r2,[r3,#1300]
 272 0024 4FF40072 	 mov r2,#512
 273 0028 A3F81025 	 strh r2,[r3,#1296]
 274              	.L41:
 275 002c 0A4B     	 ldr r3,.L47
 276 002e B3F81025 	 ldrh r2,[r3,#1296]
 277 0032 12B2     	 sxth r2,r2
 278 0034 002A     	 cmp r2,#0
 279 0036 F9DB     	 blt .L41
 280 0038 B3F81005 	 ldrh r0,[r3,#1296]
 281 003c 00F48040 	 and r0,r0,#16384
 282 0040 80B2     	 uxth r0,r0
 283 0042 18B1     	 cbz r0,.L42
 284 0044 0022     	 movs r2,#0
 285 0046 A3F81025 	 strh r2,[r3,#1296]
 286 004a 0220     	 movs r0,#2
 287              	.L42:
 288 004c 0022     	 movs r2,#0
 289 004e 83F81725 	 strb r2,[r3,#1303]
 290 0052 10BD     	 pop {r4,pc}
 291              	.L44:
 292 0054 0220     	 movs r0,#2
 293 0056 10BD     	 pop {r4,pc}
 294              	.L48:
 295              	 .align 2
 296              	.L47:
 297 0058 00000154 	 .word 1409351680
 299              	 .ident "GCC: (GNU Tools for ARM Embedded Processors) 4.9.3 20141119 (release) [ARM/embedded-4_9-branch revision 218278]"
DEFINED SYMBOLS
                            *ABS*:00000000 xmc_ecat.c
    {standard input}:17     .text.XMC_ECAT_Enable:00000000 $t
    {standard input}:22     .text.XMC_ECAT_Enable:00000000 XMC_ECAT_Enable
    {standard input}:39     .text.XMC_ECAT_Enable:0000001c $d
    {standard input}:42     .text.XMC_ECAT_Disable:00000000 $t
    {standard input}:47     .text.XMC_ECAT_Disable:00000000 XMC_ECAT_Disable
    {standard input}:64     .text.XMC_ECAT_Disable:0000001c $d
    {standard input}:67     .text.XMC_ECAT_Init:00000000 $t
    {standard input}:72     .text.XMC_ECAT_Init:00000000 XMC_ECAT_Init
    {standard input}:103    .text.XMC_ECAT_Init:00000048 $d
    {standard input}:106    .text.XMC_ECAT_EnableEvent:00000000 $t
    {standard input}:111    .text.XMC_ECAT_EnableEvent:00000000 XMC_ECAT_EnableEvent
    {standard input}:123    .text.XMC_ECAT_EnableEvent:00000010 $d
    {standard input}:126    .text.XMC_ECAT_DisableEvent:00000000 $t
    {standard input}:131    .text.XMC_ECAT_DisableEvent:00000000 XMC_ECAT_DisableEvent
    {standard input}:143    .text.XMC_ECAT_DisableEvent:00000010 $d
    {standard input}:146    .text.XMC_ECAT_GetEventStatus:00000000 $t
    {standard input}:151    .text.XMC_ECAT_GetEventStatus:00000000 XMC_ECAT_GetEventStatus
    {standard input}:161    .text.XMC_ECAT_GetEventStatus:00000008 $d
    {standard input}:164    .text.XMC_ECAT_DisableSyncManChannel:00000000 $t
    {standard input}:169    .text.XMC_ECAT_DisableSyncManChannel:00000000 XMC_ECAT_DisableSyncManChannel
    {standard input}:182    .text.XMC_ECAT_EnableSyncManChannel:00000000 $t
    {standard input}:187    .text.XMC_ECAT_EnableSyncManChannel:00000000 XMC_ECAT_EnableSyncManChannel
    {standard input}:200    .text.XMC_ECAT_ReadPhy:00000000 $t
    {standard input}:205    .text.XMC_ECAT_ReadPhy:00000000 XMC_ECAT_ReadPhy
    {standard input}:249    .text.XMC_ECAT_ReadPhy:00000060 $d
    {standard input}:252    .text.XMC_ECAT_WritePhy:00000000 $t
    {standard input}:257    .text.XMC_ECAT_WritePhy:00000000 XMC_ECAT_WritePhy
    {standard input}:297    .text.XMC_ECAT_WritePhy:00000058 $d

UNDEFINED SYMBOLS
XMC_SCU_CLOCK_UngatePeripheralClock
XMC_SCU_RESET_DeassertPeripheralReset
XMC_SCU_RESET_IsPeripheralResetAsserted
XMC_SCU_RESET_AssertPeripheralReset
XMC_SCU_CLOCK_GatePeripheralClock
